Information,03-07-2026 22:26:00,Microsoft-Windows-Defrag,264,The storage optimizer couldn't complete defragmentation on OS (C:) because: The user cancelled the operation. (0x89000006)
Information,03-07-2026 22:15:18,Microsoft-Windows-Defrag,264,The storage optimizer couldn't complete defragmentation on OS (C:) because: The user cancelled the operation. (0x89000006)
Information,03-07-2026 22:12:07,Microsoft-Windows-Defrag,264,The storage optimizer couldn't complete defragmentation on OS (C:) because: The user cancelled the operation. (0x89000006)
Information,03-07-2026 21:55:47,Microsoft-Windows-Defrag,264,The storage optimizer couldn't complete defragmentation on OS (C:) because: The user cancelled the operation. (0x89000006)
Information,03-07-2026 21:49:51,SDSSnapshotProcess,264,(2),"The description for Event ID 264 from source SDSSnapshotProcess cannot be found. Either the component that raises this event is not installed on your local computer or the installation is corrupted. You can install or repair the component on the local computer.

If the event originated on another computer, the display information had to be saved with the event.

The following information was included with the event: 


The system cannot find the file specified
"
Information,03-07-2026 21:48:47,SDSSnapshotProcess,274,(4),"The description for Event ID 274 from source SDSSnapshotProcess cannot be found. Either the component that raises this event is not installed on your local computer or the installation is corrupted. You can install or repair the component on the local computer.

If the event originated on another computer, the display information had to be saved with the event.

The following information was included with the event: 


The system cannot find the file specified
"
Information,03-07-2026 21:48:44,VSS,8231,"Volume Shadow Copy Service information: Snapshot creation initiated for Snapshot Set {4f72eb16-d51c-48ff-9e6f-794e589b2249}.
 Process command line: ""C:\Program Files\Dell\SARemediation\agent\DellSupportAssistRemedationService.exe""
 Process Caller Stack:
 Process[0]: DellSupportAssistRemedationService.exe
 Process[1]: services.exe
 Process[2]: wininit.exe
"
Error,03-07-2026 21:48:44,VSS,8194,"Volume Shadow Copy Service error: Unexpected error querying for the IVssWriterCallback interface.  hr = 0x80070005, Access is denied.
. This is often caused by incorrect security settings in either the writer or requestor process. 

Operation:
   Gathering Writer Data

Context:
   Writer Class Id: {e8132975-6f93-4464-a53e-1050253ae220}
   Writer Name: System Writer
   Writer Instance ID: {cc859194-dee9-49da-928a-dcc55a9cbbd4}"
Information,03-07-2026 21:48:43,SDSSnapshotProcess,256,(1),"The description for Event ID 256 from source SDSSnapshotProcess cannot be found. Either the component that raises this event is not installed on your local computer or the installation is corrupted. You can install or repair the component on the local computer.

If the event originated on another computer, the display information had to be saved with the event.

The following information was included with the event: 


The system cannot find the file specified
"
Information,03-07-2026 21:48:31,Microsoft-Windows-Defrag,264,The storage optimizer couldn't complete defragmentation on OS (C:) because: The user cancelled the operation. (0x89000006)
Information,03-07-2026 21:47:27,SecurityCenter,15,Updated Windows Defender status successfully to SECURITY_PRODUCT_STATE_ON.
Information,03-07-2026 21:45:15,SecurityCenter,15,Updated Windows Defender status successfully to SECURITY_PRODUCT_STATE_ON.
Information,03-07-2026 21:45:13,ESENT,326,General,"svchost (22580,D,50,0) DS_Token_DB: The database engine attached a database (1, C:\WINDOWS\system32\config\systemprofile\AppData\Local\DataSharing\Storage\DSTokenDB2.dat). (Time=0 seconds) 
 
Saved Cache: 1 0 
Additional Data: lgposAttach = 0000000A:000B:0268,
dbv = 1568.300.620 (9620) 
 
Internal Timing Sequence: 
[1] 0.000017 +J(0) +M(C:0K, Fs:1, WS:4K # 0K, PF:0K # 0K, P:0K)
[2] 0.001635 -0.000153 (1) WT +J(0) +M(C:0K, Fs:17, WS:4K # 8K, PF:4K # 4K, P:4K)
[3] 0.006073 -0.000484 (6) WT +J(CM:0, PgRf:0, Rd:0/0, Dy:0/0, Lg:3480/2) +M(C:0K, Fs:6, WS:20K # 0K, PF:20K # 0K, P:20K)
[4] 0.002157 +J(0)
[5] -
[6] 0.000523 -0.000411 (2) CM -0.000303 (2) WT +J(CM:2, PgRf:2, Rd:0/2, Dy:0/0, Lg:0/0) +M(C:0K, Fs:2, WS:8K # 0K, PF:0K # 0K, P:0K)
[7] 0.000004 +J(0)
[8] 0.000442 -0.000168 (1) CM -0.000115 (1) WT +J(CM:1, PgRf:1, Rd:4/1, Dy:0/0, Lg:0/0) +M(C:16K, Fs:25, WS:100K # 64K, PF:208K # 168K, P:208K)
[9] -
[10] -
[11] -
[12] 0.000011 +J(CM:0, PgRf:0, Rd:0/0, Dy:0/0, Lg:54/1) +M(C:0K, Fs:1, WS:4K # 4K, PF:20K # 16K, P:20K)
[13] 0.000597 -0.000320 (2) CM -0.000228 (2) WT +J(CM:2, PgRf:23, Rd:0/2, Dy:0/0, Lg:0/0) +M(C:-8K, Fs:20, WS:72K # 76K, PF:-4K # 4K, P:-4K)
[14] 0.000623 -0.000376 (2) CM -0.000254 (2) WT +J(CM:2, PgRf:40, Rd:0/2, Dy:0/0, Lg:0/0) +M(C:0K, Fs:5, WS:20K # 16K, PF:68K # 60K, P:68K)
[15] 0.000006 +J(CM:0, PgRf:1, Rd:0/0, Dy:0/0, Lg:0/0)
[16] 0.000009 +J(CM:0, PgRf:1, Rd:0/0, Dy:0/0, Lg:0/0) +M(C:0K, Fs:1, WS:4K # 4K, PF:0K # 0K, P:0K)
[17] 0.000056 +J(CM:0, PgRf:42, Rd:0/0, Dy:0/0, Lg:0/0) +M(C:0K, Fs:9, WS:36K # 36K, PF:0K # 0K, P:0K)
[18] 0.0 +J(0)
[19] 0.0 +J(0)
[20] 0.000024 +J(CM:0, PgRf:3, Rd:0/0, Dy:0/0, Lg:0/0) +M(C:0K, Fs:3, WS:12K # 12K, PF:0K # 0K, P:0K)."
Information,03-07-2026 21:45:13,ESENT,105,General,"svchost (22580,D,0,0) DS_Token_DB: The database engine started a new instance (0). (Time=0.057 seconds) 
 
Additional Data:
 lgposV2[] = 0000000A:0001:0000 - 0000000A:0008:0039 - 0000000A:0009:0000 - 0000000A:0009:0000 (00000000:0000:0000)
cReInits = 2
RBSOn = 0
 
 
Internal Timing Sequence: 
[1] 0.001340 +J(0) +M(C:0K, Fs:173, WS:668K # 668K, PF:3064K # 3064K, P:3064K)
[2] 0.000724 +J(0) +M(C:8K, Fs:185, WS:732K # 732K, PF:1280K # 1280K, P:1280K)
[3] 0.000027 +J(0) +M(C:0K, Fs:10, WS:32K # 32K, PF:72K # 72K, P:72K)
[4] 0.000325 +J(0) +M(C:0K, Fs:109, WS:436K # 436K, PF:192K # 192K, P:192K)
[5] 0.002261 +J(0) +M(C:0K, Fs:76, WS:304K # 304K, PF:20K # 20K, P:20K)
[6] 0.003862 +J(0) +M(C:0K, Fs:48, WS:192K # 192K, PF:20K # 20K, P:20K)
[7] 0.001408 -0.000281 (2) WT +J(0) +M(C:0K, Fs:39, WS:156K # 156K, PF:64K # 64K, P:64K)
[8] 0.019165 -0.002425 (12) WT +J(CM:0, PgRf:0, Rd:0/0, Dy:0/0, Lg:32448/22) +M(C:0K, Fs:150, WS:372K # 372K, PF:248K # 252K, P:248K)
[9] 0.000657 +J(0) +M(C:0K, Fs:17, WS:68K # 68K, PF:8K # 4K, P:8K)
[10] 0.001210 -0.000144 (1) WT +J(0) +M(C:0K, Fs:2, WS:-52K # 8K, PF:-60K # 0K, P:-60K)
[11] 0.000051 +J(CM:0, PgRf:0, Rd:0/0, Dy:0/0, Lg:49/1) +M(C:0K, Fs:4, WS:16K # 0K, PF:0K # 0K, P:0K)
[12] 0.000475 +J(0)
[13] 0.024318 -0.000395 (2) CM -0.002130 (17) WT +J(CM:2, PgRf:2, Rd:0/2, Dy:0/0, Lg:8759/5) +M(C:0K, Fs:75, WS:188K # 208K, PF:184K # 192K, P:184K)
[14] 0.000037 +J(0) +M(C:0K, Fs:1, WS:4K # 0K, PF:4K # 0K, P:4K)
[15] 0.000012 +J(0)
[16] 0.001028 -0.000093 (1) WT +J(0) +M(C:0K, Fs:2, WS:0K # 0K, PF:0K # 0K, P:0K)."
Information,03-07-2026 21:45:13,ESENT,302,Logging/Recovery,"svchost (22580,U,98,0) DS_Token_DB: The database engine has successfully completed recovery steps."
Information,03-07-2026 21:45:13,ESENT,301,Logging/Recovery,"svchost (22580,R,98,0) DS_Token_DB: The database engine has finished replaying logfile C:\WINDOWS\system32\config\systemprofile\AppData\Local\DataSharing\Storage\DSS.log. 
 
Processing Stats: 
[1] 0.011129 -0.001375 (8) WT +J(CM:0, PgRf:0, Rd:0/0, Dy:0/0, Lg:32448/22) +M(C:0K, Fs:95, WS:228K # 164K, PF:168K # 104K, P:168K). 
Log record of type 'AttachDB ' was seen most frequently (2 times)"
Information,03-07-2026 21:45:13,ESENT,300,Logging/Recovery,"svchost (22580,R,98,0) DS_Token_DB: The database engine is initiating recovery steps."
Information,03-07-2026 21:45:13,ESENT,102,General,"svchost (22580,P,98,0) DS_Token_DB: The database engine (10.00.26200.0000) is starting a new instance (0)."
Information,03-07-2026 21:45:03,Microsoft-Windows-AppXDeploymentServer/Operational,2562,"The description for Event ID 2562 from source Microsoft-Windows-AppXDeploymentServer/Operational cannot be found. Either the component that raises this event is not installed on your local computer or the installation is corrupted. You can install or repair the component on the local computer.

If the event originated on another computer, the display information had to be saved with the event.

The following information was included with the event: 

MSIXDeployment
windows.applicationData
DeleteMachineFolder
Package Microsoft.WindowsNotepad_11.2604.5.0_neutral_split.scale-150_8wekyb3d8bbwe removed machine folder C:\ProgramData\Microsoft\Windows\AppRepository\Families\ApplicationData\Microsoft.WindowsNotepad_8wekyb3d8bbwe: The system cannot find the path specified.

The message resource is present but the message was not found in the message table
"
Information,03-07-2026 21:45:03,Microsoft-Windows-AppXDeploymentServer/Operational,2562,"The description for Event ID 2562 from source Microsoft-Windows-AppXDeploymentServer/Operational cannot be found. Either the component that raises this event is not installed on your local computer or the installation is corrupted. You can install or repair the component on the local computer.

If the event originated on another computer, the display information had to be saved with the event.

The following information was included with the event: 

MSIXDeployment
windows.applicationData
DeleteMachineFolder
Package Microsoft.WindowsNotepad_11.2604.5.0_neutral_split.scale-100_8wekyb3d8bbwe removed machine folder C:\ProgramData\Microsoft\Windows\AppRepository\Families\ApplicationData\Microsoft.WindowsNotepad_8wekyb3d8bbwe: The system cannot find the path specified.

The message resource is present but the message was not found in the message table
"
Information,03-07-2026 21:45:03,Microsoft-Windows-AppXDeploymentServer/Operational,2562,"The description for Event ID 2562 from source Microsoft-Windows-AppXDeploymentServer/Operational cannot be found. Either the component that raises this event is not installed on your local computer or the installation is corrupted. You can install or repair the component on the local computer.

If the event originated on another computer, the display information had to be saved with the event.

The following information was included with the event: 

MSIXDeployment
windows.applicationData
DeleteMachineFolder
Package Microsoft.WindowsNotepad_11.2604.5.0_x64__8wekyb3d8bbwe removed machine folder C:\ProgramData\Microsoft\Windows\AppRepository\Families\ApplicationData\Microsoft.WindowsNotepad_8wekyb3d8bbwe: The system cannot find the path specified.

The message resource is present but the message was not found in the message table
"
Information,03-07-2026 21:45:01,Microsoft-Windows-Security-SPP,16384,Successfully scheduled Software Protection service for re-start at 2126-06-09T16:15:01Z. Reason: RulesEngine.
Information,03-07-2026 21:44:31,Microsoft-Windows-Security-SPP,16394,Offline downlevel migration succeeded.
Information,03-07-2026 21:44:23,Microsoft-Windows-AppXDeploymentServer/Operational,2562,"The description for Event ID 2562 from source Microsoft-Windows-AppXDeploymentServer/Operational cannot be found. Either the component that raises this event is not installed on your local computer or the installation is corrupted. You can install or repair the component on the local computer.

If the event originated on another computer, the display information had to be saved with the event.

The following information was included with the event: 

MSIXDeployment
windows.applicationData
DeleteMachineFolder
Package Microsoft.WindowsAlarms_11.2512.0.0_neutral_split.scale-100_8wekyb3d8bbwe removed machine folder C:\ProgramData\Microsoft\Windows\AppRepository\Families\ApplicationData\Microsoft.WindowsAlarms_8wekyb3d8bbwe: The system cannot find the path specified.

The message resource is present but the message was not found in the message table
"
Information,03-07-2026 21:44:23,Microsoft-Windows-AppXDeploymentServer/Operational,2562,"The description for Event ID 2562 from source Microsoft-Windows-AppXDeploymentServer/Operational cannot be found. Either the component that raises this event is not installed on your local computer or the installation is corrupted. You can install or repair the component on the local computer.

If the event originated on another computer, the display information had to be saved with the event.

The following information was included with the event: 

MSIXDeployment
windows.applicationData
DeleteMachineFolder
Package Microsoft.WindowsAlarms_11.2512.0.0_neutral_split.scale-150_8wekyb3d8bbwe removed machine folder C:\ProgramData\Microsoft\Windows\AppRepository\Families\ApplicationData\Microsoft.WindowsAlarms_8wekyb3d8bbwe: The system cannot find the path specified.

The message resource is present but the message was not found in the message table
"
Information,03-07-2026 21:44:23,Microsoft-Windows-AppXDeploymentServer/Operational,2562,"The description for Event ID 2562 from source Microsoft-Windows-AppXDeploymentServer/Operational cannot be found. Either the component that raises this event is not installed on your local computer or the installation is corrupted. You can install or repair the component on the local computer.

If the event originated on another computer, the display information had to be saved with the event.

The following information was included with the event: 

MSIXDeployment
windows.applicationData
DeleteMachineFolder
Package Microsoft.WindowsAlarms_11.2512.0.0_x64__8wekyb3d8bbwe removed machine folder C:\ProgramData\Microsoft\Windows\AppRepository\Families\ApplicationData\Microsoft.WindowsAlarms_8wekyb3d8bbwe: The system cannot find the path specified.

The message resource is present but the message was not found in the message table
"
Information,03-07-2026 21:43:06,Microsoft-Windows-Security-SPP,16384,Successfully scheduled Software Protection service for re-start at 2126-06-09T16:13:06Z. Reason: RulesEngine.
Information,03-07-2026 21:42:36,Microsoft-Windows-Security-SPP,16394,Offline downlevel migration succeeded.
Information,03-07-2026 21:34:56,Microsoft-Windows-AppXDeploymentServer/Operational,2562,"The description for Event ID 2562 from source Microsoft-Windows-AppXDeploymentServer/Operational cannot be found. Either the component that raises this event is not installed on your local computer or the installation is corrupted. You can install or repair the component on the local computer.

If the event originated on another computer, the display information had to be saved with the event.

The following information was included with the event: 

MSIXDeployment
windows.applicationData
DeleteMachineFolder
Package Microsoft.VP9VideoExtensions_1.2.13.0_x64__8wekyb3d8bbwe removed machine folder C:\ProgramData\Microsoft\Windows\AppRepository\Families\ApplicationData\Microsoft.VP9VideoExtensions_8wekyb3d8bbwe: The system cannot find the path specified.

The message resource is present but the message was not found in the message table
"
Information,03-07-2026 21:27:10,SecurityCenter,15,Updated Windows Defender status successfully to SECURITY_PRODUCT_STATE_ON.
Information,03-07-2026 21:26:31,Microsoft-Windows-Security-SPP,16384,Successfully scheduled Software Protection service for re-start at 2126-06-09T15:56:31Z. Reason: RulesEngine.
Information,03-07-2026 21:26:01,Microsoft-Windows-Security-SPP,16394,Offline downlevel migration succeeded.
Information,03-07-2026 21:25:36,Microsoft-Windows-Security-SPP,16384,Successfully scheduled Software Protection service for re-start at 2126-06-09T15:55:36Z. Reason: RulesEngine.
Information,03-07-2026 21:24:59,Microsoft-Windows-Security-SPP,16394,Offline downlevel migration succeeded.
Information,03-07-2026 21:17:21,Microsoft-Windows-Security-SPP,16384,Successfully scheduled Software Protection service for re-start at 2126-06-09T15:47:21Z. Reason: RulesEngine.
Information,03-07-2026 21:16:51,Microsoft-Windows-Security-SPP,16394,Offline downlevel migration succeeded.
Information,03-07-2026 21:16:39,Microsoft-Windows-Security-SPP,16384,Successfully scheduled Software Protection service for re-start at 2126-06-09T15:46:39Z. Reason: RulesEngine.
Information,03-07-2026 21:15:44,edgeupdate,0,Service stopped.
Information,03-07-2026 21:15:34,Microsoft-Windows-Security-SPP,16394,Offline downlevel migration succeeded.
Information,03-07-2026 21:15:09,VSS,8224,The VSS service is shutting down due to idle timeout. 
Information,03-07-2026 21:12:07,Microsoft-Windows-Security-SPP,16384,Successfully scheduled Software Protection service for re-start at 2126-06-09T15:42:07Z. Reason: RulesEngine.
Information,03-07-2026 21:11:43,Chrome,256,Browser Events,[14920:15924:0703/211143.705:INFO:rlz\lib\rlz_lib.cc:451] Succeeded in sending RLZ ping
Information,03-07-2026 21:11:41,Chrome,256,Browser Events,[14920:15924:0703/211141.654:INFO:rlz\lib\rlz_lib.cc:442] Attempting to send RLZ ping brand=CHBD
Information,03-07-2026 21:11:36,Microsoft-Windows-Security-SPP,16394,Offline downlevel migration succeeded.
Information,03-07-2026 21:11:35,Windows Error Reporting,1001,"Fault bucket 1450548301195742217, type 5
Event Name: StoreAgentScanForUpdatesFailure0
Response: Not available
Cab Id: 0

Problem signature:
P1: Update;
P2: 8024402c
P3: 26200
P4: 8737
P5: Windows.Desktop
P6: 
P7: 
P8: 
P9: 
P10: 

Attached files:
\\?\C:\ProgramData\Microsoft\Windows\WER\Temp\WER.730a8ca1-6bbe-4e84-959d-a91d0284bbf1.tmp.WERInternalMetadata.xml
\\?\C:\ProgramData\Microsoft\Windows\WER\ReportQueue\NonCritical_Update;_8e644caec23697d6cd7852a4dada238d7603bb0_00000000_cab_0a60e14c-d6eb-419a-8a2f-78812e7c501b\WPR_initiated_DiagTrackMiniLogger_OneTrace_User_Logger_20260630_1_EC_0_inject.etl
\\?\C:\ProgramData\Microsoft\Windows\WER\Temp\WER.e46ac42e-aaae-454d-b16a-e2cf56d5f902.tmp.etl
\\?\C:\ProgramData\Microsoft\Windows\WER\ReportQueue\NonCritical_Update;_8e644caec23697d6cd7852a4dada238d7603bb0_00000000_cab_0a60e14c-d6eb-419a-8a2f-78812e7c501b\WPR_initiated_DiagTrackMiniLogger_WPR System Collector_inject.etl
\\?\C:\ProgramData\Microsoft\Windows\WER\Temp\WER.4cf8fed2-770c-410e-b1d4-04e0278a4459.tmp.etl
\\?\C:\ProgramData\Microsoft\Windows\WER\Temp\WER.59ca42ea-f48d-499b-89db-81fddfa1240a.tmp.csv
\\?\C:\ProgramData\Microsoft\Windows\WER\Temp\WER.85627755-cc03-4eb2-95fb-5774dbf00b00.tmp.txt
\\?\C:\ProgramData\Microsoft\Windows\WER\Temp\WER.7a5b3c38-5d38-4bb0-99bd-8376a33bda45.tmp.xml

These files may be available here:
\\?\C:\ProgramData\Microsoft\Windows\WER\ReportArchive\NonCritical_Update;_8e644caec23697d6cd7852a4dada238d7603bb0_00000000_0a60e14c-d6eb-419a-8a2f-78812e7c501b

Analysis symbol: 
Rechecking for solution: 0
Report Id: 0a60e14c-d6eb-419a-8a2f-78812e7c501b
Report Status: 268435462
Hashed bucket: e6324369a2fda705642161fe9e518c09
Cab Guid: 0"
Information,03-07-2026 21:10:41,Chrome,256,Browser Events,[14920:20756:0703/211041.649:INFO:chrome\browser\extensions\extension_garbage_collector.cc:188] Garbage collection for extensions on file thread is complete.
Information,03-07-2026 21:10:23,DellTechHub,0,PowerEvent handled successfully by the service.
Information,03-07-2026 21:10:23,Dell SupportAssist Remediation,0,PowerEvent handled successfully by the service.
Information,03-07-2026 21:10:20,DellTechHub,0,PowerEvent handled successfully by the service.
Information,03-07-2026 21:10:20,Dell SupportAssist Remediation,0,PowerEvent handled successfully by the service.
Information,03-07-2026 21:10:17,Windows Error Reporting,1001,"Fault bucket , type 0
Event Name: StoreAgentScanForUpdatesFailure0
Response: Not available
Cab Id: 0

Problem signature:
P1: Update;
P2: 8024402c
P3: 26200
P4: 8737
P5: Windows.Desktop
P6: 
P7: 
P8: 
P9: 
P10: 

Attached files:
\\?\C:\ProgramData\Microsoft\Windows\WER\Temp\WER.730a8ca1-6bbe-4e84-959d-a91d0284bbf1.tmp.WERInternalMetadata.xml
\\?\C:\ProgramData\Microsoft\Windows\WER\ReportQueue\NonCritical_Update;_8e644caec23697d6cd7852a4dada238d7603bb0_00000000_cab_0a60e14c-d6eb-419a-8a2f-78812e7c501b\WPR_initiated_DiagTrackMiniLogger_OneTrace_User_Logger_20260630_1_EC_0_inject.etl
\\?\C:\ProgramData\Microsoft\Windows\WER\Temp\WER.e46ac42e-aaae-454d-b16a-e2cf56d5f902.tmp.etl
\\?\C:\ProgramData\Microsoft\Windows\WER\ReportQueue\NonCritical_Update;_8e644caec23697d6cd7852a4dada238d7603bb0_00000000_cab_0a60e14c-d6eb-419a-8a2f-78812e7c501b\WPR_initiated_DiagTrackMiniLogger_WPR System Collector_inject.etl
\\?\C:\ProgramData\Microsoft\Windows\WER\Temp\WER.4cf8fed2-770c-410e-b1d4-04e0278a4459.tmp.etl
\\?\C:\ProgramData\Microsoft\Windows\WER\Temp\WER.59ca42ea-f48d-499b-89db-81fddfa1240a.tmp.csv
\\?\C:\ProgramData\Microsoft\Windows\WER\Temp\WER.85627755-cc03-4eb2-95fb-5774dbf00b00.tmp.txt
\\?\C:\ProgramData\Microsoft\Windows\WER\Temp\WER.7a5b3c38-5d38-4bb0-99bd-8376a33bda45.tmp.xml

These files may be available here:
\\?\C:\ProgramData\Microsoft\Windows\WER\ReportQueue\NonCritical_Update;_8e644caec23697d6cd7852a4dada238d7603bb0_00000000_cab_0a60e14c-d6eb-419a-8a2f-78812e7c501b

Analysis symbol: 
Rechecking for solution: 0
Report Id: 0a60e14c-d6eb-419a-8a2f-78812e7c501b
Report Status: 6
Hashed bucket: 
Cab Guid: 0"
Information,03-07-2026 21:10:17,Windows Error Reporting,1001,"Fault bucket , type 0
Event Name: StoreAgentScanForUpdatesFailure0
Response: Not available
Cab Id: 0

Problem signature:
P1: Update;
P2: 8024402c
P3: 26200
P4: 8737
P5: Windows.Desktop
P6: 
P7: 
P8: 
P9: 
P10: 

Attached files:
\\?\C:\ProgramData\Microsoft\Windows\WER\Temp\WER.730a8ca1-6bbe-4e84-959d-a91d0284bbf1.tmp.WERInternalMetadata.xml
\\?\C:\ProgramData\Microsoft\Windows\WER\ReportQueue\NonCritical_Update;_8e644caec23697d6cd7852a4dada238d7603bb0_00000000_cab_0a60e14c-d6eb-419a-8a2f-78812e7c501b\WPR_initiated_DiagTrackMiniLogger_OneTrace_User_Logger_20260630_1_EC_0_inject.etl
\\?\C:\ProgramData\Microsoft\Windows\WER\Temp\WER.e46ac42e-aaae-454d-b16a-e2cf56d5f902.tmp.etl
\\?\C:\ProgramData\Microsoft\Windows\WER\ReportQueue\NonCritical_Update;_8e644caec23697d6cd7852a4dada238d7603bb0_00000000_cab_0a60e14c-d6eb-419a-8a2f-78812e7c501b\WPR_initiated_DiagTrackMiniLogger_WPR System Collector_inject.etl
\\?\C:\ProgramData\Microsoft\Windows\WER\Temp\WER.4cf8fed2-770c-410e-b1d4-04e0278a4459.tmp.etl
\\?\C:\ProgramData\Microsoft\Windows\WER\Temp\WER.59ca42ea-f48d-499b-89db-81fddfa1240a.tmp.csv
\\?\C:\ProgramData\Microsoft\Windows\WER\Temp\WER.85627755-cc03-4eb2-95fb-5774dbf00b00.tmp.txt
\\?\C:\ProgramData\Microsoft\Windows\WER\Temp\WER.7a5b3c38-5d38-4bb0-99bd-8376a33bda45.tmp.xml

These files may be available here:
\\?\C:\ProgramData\Microsoft\Windows\WER\ReportQueue\NonCritical_Update;_8e644caec23697d6cd7852a4dada238d7603bb0_00000000_cab_0a60e14c-d6eb-419a-8a2f-78812e7c501b

Analysis symbol: 
Rechecking for solution: 0
Report Id: 0a60e14c-d6eb-419a-8a2f-78812e7c501b
Report Status: 4
Hashed bucket: 
Cab Guid: 0"
Information,03-07-2026 21:10:15,edgeupdate,0,Service stopped.
Information,03-07-2026 21:10:03,SpotifySessionConnectedTask,1,Incorrect function. 
Information,03-07-2026 21:10:03,SpotifySessionConnectedTask,1,Incorrect function. 
Information,03-07-2026 21:10:03,SpotifySessionConnectedTask,1,Incorrect function. 
Information,03-07-2026 21:10:03,SpotifySessionConnectedTask,1,Incorrect function. 
Information,03-07-2026 21:10:03,SpotifySessionConnectedTask,1,Incorrect function. 
Information,03-07-2026 21:10:03,SpotifySessionConnectedTask,1,Incorrect function. 
Information,03-07-2026 21:10:03,SpotifySessionConnectedTask,1,Incorrect function. 
Information,03-07-2026 21:10:03,SpotifySessionConnectedTask,1,Incorrect function. 
Information,03-07-2026 21:10:02,SpotifySessionConnectedTask,1,Incorrect function. 
Information,03-07-2026 21:10:02,SpotifySessionConnectedTask,1,Incorrect function. 
Information,03-07-2026 21:10:02,SpotifySessionConnectedTask,1,Incorrect function. 
Information,03-07-2026 21:10:02,SpotifySessionConnectedTask,1,Incorrect function. 
Information,03-07-2026 21:10:02,SpotifySessionConnectedTask,1,Incorrect function. 
Information,03-07-2026 21:10:02,SpotifySessionConnectedTask,1,Incorrect function. 
Information,03-07-2026 21:10:02,SpotifySessionConnectedTask,1,Incorrect function. 
Information,03-07-2026 21:10:02,SpotifySessionConnectedTask,1,Incorrect function. 
Information,03-07-2026 21:09:58,Microsoft-Windows-Winlogon,6000,The winlogon notification subscriber <SessionEnv> was unavailable to handle a notification event.
Information,03-07-2026 21:09:58,Microsoft-Windows-Winlogon,6003,The winlogon notification subscriber <SessionEnv> was unavailable to handle a critical notification event.
Information,03-07-2026 21:09:56,Microsoft-Windows-Security-SPP,16384,Successfully scheduled Software Protection service for re-start at 2126-06-09T15:39:56Z. Reason: RulesEngine.
Information,03-07-2026 21:09:35,IPF,19,ESIF(2.3.20303.5058) TYPE: INFO MODULE: IPF TIME 79989166 ms

    DPTF Build Version:  9.1.10009.1745    DPTF Build Date:  Mar 11 2026 16:58:52    Message:  EPO Modes Status:DC Endurance Gaming(Status: Enabled);DC Better Battery(Status: Disabled);DC Balanced(Status: Enabled);AC Balanced(Status: Enabled);AC Quiet(Status: Disabled);AC Collaboration(Status: Enabled    Policy:  Energy Performance Optimizer Policy [2]        
Information,03-07-2026 21:09:33,DellTechHub,0,PowerEvent handled successfully by the service.
Information,03-07-2026 21:09:33,Dell SupportAssist Remediation,0,PowerEvent handled successfully by the service.
Information,03-07-2026 21:09:33,DellTechHub,0,PowerEvent handled successfully by the service.
Information,03-07-2026 21:09:33,Dell SupportAssist Remediation,0,PowerEvent handled successfully by the service.
Information,03-07-2026 00:28:55,DellTechHub,0,PowerEvent handled successfully by the service.
Information,03-07-2026 00:28:55,Dell SupportAssist Remediation,0,PowerEvent handled successfully by the service.
Information,03-07-2026 00:28:54,Microsoft-Windows-Winlogon,6000,The winlogon notification subscriber <SessionEnv> was unavailable to handle a notification event.
Information,03-07-2026 00:28:54,Microsoft-Windows-Winlogon,6000,The winlogon notification subscriber <WSearch> was unavailable to handle a notification event.
Information,03-07-2026 00:28:54,Microsoft-Windows-Security-SPP,16394,Offline downlevel migration succeeded.
Information,03-07-2026 00:21:24,VSS,8224,The VSS service is shutting down due to idle timeout. 
Information,03-07-2026 00:19:03,Microsoft-Windows-Security-SPP,16384,Successfully scheduled Software Protection service for re-start at 2126-06-08T18:49:03Z. Reason: RulesEngine.
Information,03-07-2026 00:18:19,VSS,8231,"Volume Shadow Copy Service information: Snapshot creation initiated for Snapshot Set {561b943b-c76a-4904-bd16-217b77809186}.
 Process command line: taskhostw.exe
 Process Caller Stack:
 Process[0]: taskhostw.exe
 Process[1]: svchost.exe
 Process[2]: services.exe
"
Information,03-07-2026 00:18:18,Microsoft-Windows-Security-SPP,16394,Offline downlevel migration succeeded.
Information,02-07-2026 23:56:02,Microsoft-Windows-Security-SPP,16384,Successfully scheduled Software Protection service for re-start at 2126-06-08T18:26:02Z. Reason: RulesEngine.
Information,02-07-2026 23:55:32,Microsoft-Windows-Security-SPP,16394,Offline downlevel migration succeeded.
Information,02-07-2026 23:34:23,MsiInstaller,1035,Windows Installer reconfigured the product. Product Name: Microsoft .NET Host FX Resolver - 9.0.17 (x64). Product Version: 72.68.53536. Product Language: 1033. Manufacturer: Microsoft Corporation. Reconfiguration success or error status: 0.
Information,02-07-2026 23:34:23,MsiInstaller,1035,Windows Installer reconfigured the product. Product Name: vcpp_crt.redist.clickonce. Product Version: 14.40.33810. Product Language: 1033. Manufacturer: Microsoft Corporation. Reconfiguration success or error status: 0.
Information,02-07-2026 23:34:23,MsiInstaller,1035,Windows Installer reconfigured the product. Product Name: Windows SDK DirectX x64 Remote. Product Version: 10.1.22621.3233. Product Language: 1033. Manufacturer: Microsoft Corporation. Reconfiguration success or error status: 0.
Information,02-07-2026 23:34:23,MsiInstaller,1035,Windows Installer reconfigured the product. Product Name: Microsoft ASP.NET Core 6.0.33 Targeting Pack (x86). Product Version: 6.0.33.24379. Product Language: 1033. Manufacturer: Microsoft Corporation. Reconfiguration success or error status: 0.
Information,02-07-2026 23:34:22,MsiInstaller,1035,Windows Installer reconfigured the product. Product Name: Microsoft Visual C++ 2022 X86 Debug Runtime - 14.40.33810. Product Version: 14.40.33810. Product Language: 1033. Manufacturer: Microsoft Corporation. Reconfiguration success or error status: 0.
Information,02-07-2026 23:34:22,MsiInstaller,1035,Windows Installer reconfigured the product. Product Name: Windows SDK Desktop Headers x86. Product Version: 10.1.22621.3233. Product Language: 1033. Manufacturer: Microsoft Corporation. Reconfiguration success or error status: 0.
Information,02-07-2026 23:34:22,MsiInstaller,1035,Windows Installer reconfigured the product. Product Name: SDK ARM Redistributables. Product Version: 10.1.22621.3233. Product Language: 1033. Manufacturer: Microsoft Corporation. Reconfiguration success or error status: 0.
Information,02-07-2026 23:34:22,MsiInstaller,1035,Windows Installer reconfigured the product. Product Name: Microsoft .NET Runtime - 6.0.33 (x86). Product Version: 48.132.18378. Product Language: 1033. Manufacturer: Microsoft Corporation. Reconfiguration success or error status: 0.
Information,02-07-2026 23:34:22,MsiInstaller,1035,Windows Installer reconfigured the product. Product Name: Microsoft .NET Runtime - 9.0.17 (x64). Product Version: 72.68.53536. Product Language: 1033. Manufacturer: Microsoft Corporation. Reconfiguration success or error status: 0.
Information,02-07-2026 23:34:22,MsiInstaller,1035,Windows Installer reconfigured the product. Product Name: Microsoft .NET Host FX Resolver - 8.0.28 (x64). Product Version: 64.112.53549. Product Language: 1033. Manufacturer: Microsoft Corporation. Reconfiguration success or error status: 0.
Information,02-07-2026 23:34:21,MsiInstaller,1035,Windows Installer reconfigured the product. Product Name: Microsoft .NET Runtime - 6.0.36 (x64). Product Version: 48.144.23141. Product Language: 1033. Manufacturer: Microsoft Corporation. Reconfiguration success or error status: 0.
Information,02-07-2026 23:34:21,MsiInstaller,1035,Windows Installer reconfigured the product. Product Name: Microsoft .NET Host - 9.0.17 (x64). Product Version: 72.68.53536. Product Language: 1033. Manufacturer: Microsoft Corporation. Reconfiguration success or error status: 0.
Information,02-07-2026 23:34:21,MsiInstaller,1035,Windows Installer reconfigured the product. Product Name: MSI Development Tools. Product Version: 10.1.22621.3233. Product Language: 1033. Manufacturer: Microsoft Corporation. Reconfiguration success or error status: 0.
Information,02-07-2026 23:34:21,MsiInstaller,1035,Windows Installer reconfigured the product. Product Name: Windows SDK Desktop Headers arm. Product Version: 10.1.22621.3233. Product Language: 1033. Manufacturer: Microsoft Corporation. Reconfiguration success or error status: 0.
Information,02-07-2026 23:34:21,MsiInstaller,1035,Windows Installer reconfigured the product. Product Name: Universal CRT Headers Libraries and Sources. Product Version: 10.1.22621.3233. Product Language: 1033. Manufacturer: Microsoft Corporation. Reconfiguration success or error status: 0.
Information,02-07-2026 23:34:21,MsiInstaller,1035,Windows Installer reconfigured the product. Product Name: vs_minshellsharedmsi. Product Version: 17.11.35102. Product Language: 1033. Manufacturer: Microsoft Corporation. Reconfiguration success or error status: 0.
Information,02-07-2026 23:34:21,MsiInstaller,1035,Windows Installer reconfigured the product. Product Name: Microsoft Windows Desktop Runtime - 9.0.11 (x64). Product Version: 72.44.42433. Product Language: 1033. Manufacturer: Microsoft Corporation. Reconfiguration success or error status: 0.
Information,02-07-2026 23:34:20,MsiInstaller,1035,Windows Installer reconfigured the product. Product Name: Universal CRT Redistributable. Product Version: 10.1.22621.3233. Product Language: 1033. Manufacturer: Microsoft Corporation. Reconfiguration success or error status: 0.
Information,02-07-2026 23:34:20,MsiInstaller,1035,Windows Installer reconfigured the product. Product Name: Microsoft .NET AppHost Pack - 8.0.20 (x64_x86). Product Version: 64.80.39230. Product Language: 1033. Manufacturer: Microsoft Corporation. Reconfiguration success or error status: 0.
Information,02-07-2026 23:34:20,MsiInstaller,1035,Windows Installer reconfigured the product. Product Name: Windows Team Extension SDK Contracts. Product Version: 10.1.22621.3233. Product Language: 1033. Manufacturer: Microsoft Corporation. Reconfiguration success or error status: 0.
Information,02-07-2026 23:34:20,MsiInstaller,1035,Windows Installer reconfigured the product. Product Name: Microsoft Update Health Tools. Product Version: 5.72.0.0. Product Language: 0. Manufacturer: Microsoft Corporation. Reconfiguration success or error status: 0.
Information,02-07-2026 23:34:20,MsiInstaller,1035,Windows Installer reconfigured the product. Product Name: vs_CoreEditorFonts. Product Version: 17.7.40001. Product Language: 1033. Manufacturer: Microsoft Corporation. Reconfiguration success or error status: 0.
Information,02-07-2026 23:34:20,MsiInstaller,1035,Windows Installer reconfigured the product. Product Name: Microsoft MPI SDK (10.1.12498.52). Product Version: 10.1.12498.52. Product Language: 1033. Manufacturer: Microsoft Corporation. Reconfiguration success or error status: 0.
Information,02-07-2026 23:34:20,MsiInstaller,1035,Windows Installer reconfigured the product. Product Name: Microsoft .NET Targeting Pack - 6.0.33 (x64). Product Version: 48.132.18378. Product Language: 1033. Manufacturer: Microsoft Corporation. Reconfiguration success or error status: 0.
Information,02-07-2026 23:34:19,MsiInstaller,1035,Windows Installer reconfigured the product. Product Name: Microsoft Windows Desktop Runtime - 8.0.22 (x64). Product Version: 64.88.42561. Product Language: 1033. Manufacturer: Microsoft Corporation. Reconfiguration success or error status: 0.
Information,02-07-2026 23:34:19,MsiInstaller,1035,Windows Installer reconfigured the product. Product Name: Microsoft Visual C++ 2012 x86 Minimum Runtime - 11.0.61030. Product Version: 11.0.61030. Product Language: 1033. Manufacturer: Microsoft Corporation. Reconfiguration success or error status: 0.
Information,02-07-2026 23:34:19,MsiInstaller,1035,Windows Installer reconfigured the product. Product Name: Microsoft Windows Desktop Runtime - 6.0.33 (x86). Product Version: 48.132.18374. Product Language: 1033. Manufacturer: Microsoft Corporation. Reconfiguration success or error status: 0.
Information,02-07-2026 23:34:19,MsiInstaller,1035,Windows Installer reconfigured the product. Product Name: Windows SDK ARM Desktop Tools. Product Version: 10.1.22621.3233. Product Language: 1033. Manufacturer: Microsoft Corporation. Reconfiguration success or error status: 0.
Information,02-07-2026 23:34:19,MsiInstaller,1035,Windows Installer reconfigured the product. Product Name: Microsoft .NET Host FX Resolver - 9.0.11 (x64). Product Version: 72.44.42384. Product Language: 1033. Manufacturer: Microsoft Corporation. Reconfiguration success or error status: 0.
Information,02-07-2026 23:34:19,MsiInstaller,1035,Windows Installer reconfigured the product. Product Name: Windows SDK. Product Version: 10.1.22621.3233. Product Language: 1033. Manufacturer: Microsoft Corporation. Reconfiguration success or error status: 0.
Information,02-07-2026 23:34:19,MsiInstaller,1035,Windows Installer reconfigured the product. Product Name: CMake. Product Version: 4.3.3. Product Language: 1033. Manufacturer: Kitware. Reconfiguration success or error status: 0.
Information,02-07-2026 23:34:18,MsiInstaller,1035,Windows Installer reconfigured the product. Product Name: Microsoft .NET Host FX Resolver - 8.0.20 (x64). Product Version: 64.80.39230. Product Language: 1033. Manufacturer: Microsoft Corporation. Reconfiguration success or error status: 0.
Information,02-07-2026 23:34:17,MsiInstaller,1035,Windows Installer reconfigured the product. Product Name: Microsoft Visual C++ 2013 x86 Additional Runtime - 12.0.40664. Product Version: 12.0.40664. Product Language: 1033. Manufacturer: Microsoft Corporation. Reconfiguration success or error status: 0.
Information,02-07-2026 23:34:17,MsiInstaller,1035,Windows Installer reconfigured the product. Product Name: vs_filehandler_amd64. Product Version: 17.11.35102. Product Language: 1033. Manufacturer: Microsoft Corporation. Reconfiguration success or error status: 0.
Information,02-07-2026 23:34:17,MsiInstaller,1035,Windows Installer reconfigured the product. Product Name: Windows SDK for Windows Store Apps. Product Version: 10.1.22621.3233. Product Language: 1033. Manufacturer: Microsoft Corporation. Reconfiguration success or error status: 0.
Information,02-07-2026 23:34:17,MsiInstaller,1035,Windows Installer reconfigured the product. Product Name: Intel(R) Connectivity Performance Suite for ExpressConnect. Product Version: 30.24.153. Product Language: 1033. Manufacturer: Intel Corporation. Reconfiguration success or error status: 0.
Information,02-07-2026 23:34:17,MsiInstaller,1035,Windows Installer reconfigured the product. Product Name: Windows SDK Signing Tools. Product Version: 10.1.22621.3233. Product Language: 1033. Manufacturer: Microsoft Corporation. Reconfiguration success or error status: 0.
Information,02-07-2026 23:34:17,MsiInstaller,1035,Windows Installer reconfigured the product. Product Name: Microsoft.NET.Workload.Mono.Toolchain.net7.Manifest (x64). Product Version: 64.80.39230. Product Language: 1033. Manufacturer: Microsoft Corporation. Reconfiguration success or error status: 0.
Information,02-07-2026 23:34:17,MsiInstaller,1035,Windows Installer reconfigured the product. Product Name: Microsoft Windows Desktop Runtime - 8.0.28 (x64). Product Version: 64.112.53617. Product Language: 1033. Manufacturer: Microsoft Corporation. Reconfiguration success or error status: 0.
Information,02-07-2026 23:34:17,MsiInstaller,1035,Windows Installer reconfigured the product. Product Name: Microsoft Windows Desktop Targeting Pack - 6.0.33 (x64). Product Version: 48.132.18374. Product Language: 1033. Manufacturer: Microsoft Corporation. Reconfiguration success or error status: 0.
Information,02-07-2026 23:34:16,MsiInstaller,1035,Windows Installer reconfigured the product. Product Name: Microsoft Visual C++ 2012 x64 Minimum Runtime - 11.0.61030. Product Version: 11.0.61030. Product Language: 1033. Manufacturer: Microsoft Corporation. Reconfiguration success or error status: 0.
Information,02-07-2026 23:34:16,MsiInstaller,1035,Windows Installer reconfigured the product. Product Name: Windows SDK Desktop Libs x64. Product Version: 10.1.22621.3233. Product Language: 1033. Manufacturer: Microsoft Corporation. Reconfiguration success or error status: 0.
Information,02-07-2026 23:34:16,MsiInstaller,1035,Windows Installer reconfigured the product. Product Name: Windows IoT Extension SDK Contracts. Product Version: 10.1.22621.3233. Product Language: 1033. Manufacturer: Microsoft Corporation. Reconfiguration success or error status: 0.
Information,02-07-2026 23:34:16,MsiInstaller,1035,Windows Installer reconfigured the product. Product Name: Microsoft Visual Studio Setup Configuration. Product Version: 3.11.2133.16870. Product Language: 1033. Manufacturer: Microsoft Corporation. Reconfiguration success or error status: 0.
Information,02-07-2026 23:34:16,MsiInstaller,1035,Windows Installer reconfigured the product. Product Name: Microsoft Visual C++ 2012 x86 Additional Runtime - 11.0.61030. Product Version: 11.0.61030. Product Language: 1033. Manufacturer: Microsoft Corporation. Reconfiguration success or error status: 0.
Information,02-07-2026 23:34:16,MsiInstaller,1035,Windows Installer reconfigured the product. Product Name: Microsoft .NET Standard Targeting Pack - 2.1.0 (x64). Product Version: 24.0.28113. Product Language: 1033. Manufacturer: Microsoft Corporation. Reconfiguration success or error status: 0.
Information,02-07-2026 23:34:16,MsiInstaller,1035,Windows Installer reconfigured the product. Product Name: vs_minshellinteropmsi. Product Version: 17.11.35102. Product Language: 1033. Manufacturer: Microsoft Corporation. Reconfiguration success or error status: 0.
Information,02-07-2026 23:34:16,MsiInstaller,1035,Windows Installer reconfigured the product. Product Name: Oracle VirtualBox 7.1.10. Product Version: 7.1.10. Product Language: 1033. Manufacturer: Oracle and/or its affiliates. Reconfiguration success or error status: 0.
Information,02-07-2026 23:34:15,MsiInstaller,1035,Windows Installer reconfigured the product. Product Name: Windows SDK for Windows Store Apps Contracts. Product Version: 10.1.22621.3233. Product Language: 1033. Manufacturer: Microsoft Corporation. Reconfiguration success or error status: 0.
Information,02-07-2026 23:34:15,MsiInstaller,1035,Windows Installer reconfigured the product. Product Name: Universal CRT Redistributable. Product Version: 10.0.26624. Product Language: 1033. Manufacturer: Microsoft Corporation. Reconfiguration success or error status: 0.
Information,02-07-2026 23:34:15,MsiInstaller,1035,Windows Installer reconfigured the product. Product Name: Microsoft .NET Host - 8.0.28 (x64). Product Version: 64.112.53549. Product Language: 1033. Manufacturer: Microsoft Corporation. Reconfiguration success or error status: 0.
Information,02-07-2026 23:34:15,MsiInstaller,1035,Windows Installer reconfigured the product. Product Name: vs_FileTracker_Singleton. Product Version: 17.11.35102. Product Language: 1033. Manufacturer: Microsoft Corporation. Reconfiguration success or error status: 0.
Information,02-07-2026 23:34:15,MsiInstaller,1035,Windows Installer reconfigured the product. Product Name: Microsoft Windows Desktop Runtime - 6.0.36 (x64). Product Version: 48.144.23186. Product Language: 1033. Manufacturer: Microsoft Corporation. Reconfiguration success or error status: 0.
Information,02-07-2026 23:34:15,MsiInstaller,1035,Windows Installer reconfigured the product. Product Name: Windows SDK Desktop Headers arm64. Product Version: 10.1.22621.3233. Product Language: 1033. Manufacturer: Microsoft Corporation. Reconfiguration success or error status: 0.
Information,02-07-2026 23:34:15,MsiInstaller,1035,Windows Installer reconfigured the product. Product Name: Windows SDK Facade Windows WinMD Versioned. Product Version: 10.1.22621.3233. Product Language: 1033. Manufacturer: Microsoft Corporation. Reconfiguration success or error status: 0.
Information,02-07-2026 23:34:15,MsiInstaller,1035,Windows Installer reconfigured the product. Product Name: Microsoft ASP.NET Core 6.0.33 Shared Framework (x86). Product Version: 6.0.33.24379. Product Language: 1033. Manufacturer: Microsoft Corporation. Reconfiguration success or error status: 0.
Information,02-07-2026 23:34:14,MsiInstaller,1035,Windows Installer reconfigured the product. Product Name: Dell SupportAssist. Product Version: 5.1.1.3567. Product Language: 1033. Manufacturer: Dell Inc.. Reconfiguration success or error status: 0.
Information,02-07-2026 23:34:14,MsiInstaller,1035,"Windows Installer reconfigured the product. Product Name: Dell Connected Service Delivery. Product Version: 1.1.1.0. Product Language: 1033. Manufacturer: Dell Technologies, Inc.. Reconfiguration success or error status: 0."
Information,02-07-2026 23:34:14,MsiInstaller,1035,Windows Installer reconfigured the product. Product Name: Microsoft.NET.Workload.Mono.Toolchain.net6.Manifest (x64). Product Version: 64.80.39230. Product Language: 1033. Manufacturer: Microsoft Corporation. Reconfiguration success or error status: 0.
Information,02-07-2026 23:34:13,MsiInstaller,1035,Windows Installer reconfigured the product. Product Name: Microsoft.NET.Sdk.MacCatalyst.Manifest-8.0.100 (x64). Product Version: 17.0.8478. Product Language: 1033. Manufacturer: Microsoft Corporation. Reconfiguration success or error status: 0.
Information,02-07-2026 23:34:13,MsiInstaller,1035,Windows Installer reconfigured the product. Product Name: Windows SDK Desktop Tools x86. Product Version: 10.1.22621.3233. Product Language: 1033. Manufacturer: Microsoft Corporation. Reconfiguration success or error status: 0.
Information,02-07-2026 23:34:13,MsiInstaller,1035,Windows Installer reconfigured the product. Product Name: SDK ARM Additions. Product Version: 10.1.22621.3233. Product Language: 1033. Manufacturer: Microsoft Corporation. Reconfiguration success or error status: 0.
Information,02-07-2026 23:34:13,MsiInstaller,1035,Windows Installer reconfigured the product. Product Name: Microsoft Visual C++ 2013 x64 Additional Runtime - 12.0.40664. Product Version: 12.0.40664. Product Language: 1033. Manufacturer: Microsoft Corporation. Reconfiguration success or error status: 0.
Information,02-07-2026 23:34:13,MsiInstaller,1035,Windows Installer reconfigured the product. Product Name: vs_minshellmsires. Product Version: 17.11.35102. Product Language: 1033. Manufacturer: Microsoft Corporation. Reconfiguration success or error status: 0.
Information,02-07-2026 23:34:13,MsiInstaller,1035,"Windows Installer reconfigured the product. Product Name: MyDell Customer Connect. Product Version: 3.3.23.0. Product Language: 1033. Manufacturer: Dell Technologies, Inc.. Reconfiguration success or error status: 0."
Information,02-07-2026 23:34:13,MsiInstaller,1035,Windows Installer reconfigured the product. Product Name: WinRT Intellisense PPI - Other Languages. Product Version: 10.1.22621.3233. Product Language: 1033. Manufacturer: Microsoft Corporation. Reconfiguration success or error status: 0.
Information,02-07-2026 23:34:13,MsiInstaller,1035,Windows Installer reconfigured the product. Product Name: Windows Subsystem for Linux. Product Version: 2.7.10.0. Product Language: 1033. Manufacturer: Microsoft Corporation. Reconfiguration success or error status: 0.
Information,02-07-2026 23:34:12,MsiInstaller,1035,"Windows Installer reconfigured the product. Product Name: MyDell Application Management. Product Version: 3.3.18.0. Product Language: 1033. Manufacturer: Dell Technologies, Inc.. Reconfiguration success or error status: 0."
Information,02-07-2026 23:34:12,MsiInstaller,1035,Windows Installer reconfigured the product. Product Name: WinRT Intellisense UAP - en-us. Product Version: 10.1.22621.3233. Product Language: 1033. Manufacturer: Microsoft Corporation. Reconfiguration success or error status: 0.
Information,02-07-2026 23:34:12,MsiInstaller,1035,Windows Installer reconfigured the product. Product Name: Node.js. Product Version: 22.14.0. Product Language: 1033. Manufacturer: Node.js Foundation. Reconfiguration success or error status: 0.
Information,02-07-2026 23:34:12,MsiInstaller,1035,Windows Installer reconfigured the product. Product Name: WinRT Intellisense UAP - Other Languages. Product Version: 10.1.22621.3233. Product Language: 1033. Manufacturer: Microsoft Corporation. Reconfiguration success or error status: 0.
Information,02-07-2026 23:34:12,MsiInstaller,1035,Windows Installer reconfigured the product. Product Name: Microsoft .NET Runtime - 8.0.28 (x64). Product Version: 64.112.53549. Product Language: 1033. Manufacturer: Microsoft Corporation. Reconfiguration success or error status: 0.
Information,02-07-2026 23:34:11,MsiInstaller,1035,Windows Installer reconfigured the product. Product Name: WinRT Intellisense Mobile - en-us. Product Version: 10.1.22621.3233. Product Language: 1033. Manufacturer: Microsoft Corporation. Reconfiguration success or error status: 0.
Information,02-07-2026 23:34:11,MsiInstaller,1035,Windows Installer reconfigured the product. Product Name: Microsoft ASP.NET Core 8.0.20 Targeting Pack (x64). Product Version: 8.0.20.25420. Product Language: 1033. Manufacturer: Microsoft Corporation. Reconfiguration success or error status: 0.
Information,02-07-2026 23:34:11,MsiInstaller,1035,Windows Installer reconfigured the product. Product Name: Google Update Helper. Product Version: 1.3.33.5. Product Language: 1033. Manufacturer: Google Inc.. Reconfiguration success or error status: 0.
Information,02-07-2026 23:34:11,MsiInstaller,1035,Windows Installer reconfigured the product. Product Name: Microsoft.NET.Sdk.Android.Manifest-8.0.100 (x64). Product Version: 34.0.43. Product Language: 1033. Manufacturer: Microsoft Corporation. Reconfiguration success or error status: 0.
Information,02-07-2026 23:34:11,MsiInstaller,1035,Windows Installer reconfigured the product. Product Name: Windows SDK for Windows Store Apps Metadata. Product Version: 10.1.22621.3233. Product Language: 1033. Manufacturer: Microsoft Corporation. Reconfiguration success or error status: 0.
Information,02-07-2026 23:34:11,MsiInstaller,1035,Windows Installer reconfigured the product. Product Name: Windows App Certification Kit x64 (OnecoreUAP). Product Version: 10.1.22621.3233. Product Language: 1033. Manufacturer: Microsoft Corporation. Reconfiguration success or error status: 0.
Information,02-07-2026 23:34:11,MsiInstaller,1035,Windows Installer reconfigured the product. Product Name: WinRT Intellisense IoT - en-us. Product Version: 10.1.22621.3233. Product Language: 1033. Manufacturer: Microsoft Corporation. Reconfiguration success or error status: 0.
Information,02-07-2026 23:34:11,MsiInstaller,1035,Windows Installer reconfigured the product. Product Name: Windows SDK DirectX x86 Remote. Product Version: 10.1.22621.3233. Product Language: 1033. Manufacturer: Microsoft Corporation. Reconfiguration success or error status: 0.
