Level,Date and Time,Source,Event ID,Task Category
Information,07-07-2026 23:13:30,Microsoft-Windows-Security-SPP,16384,Successfully scheduled Software Protection service for re-start at 2126-06-13T17:43:30Z. Reason: RulesEngine.
Information,07-07-2026 23:12:59,Microsoft-Windows-Security-SPP,16394,Offline downlevel migration succeeded.
Information,07-07-2026 23:05:03,Microsoft-Windows-Security-SPP,16384,Successfully scheduled Software Protection service for re-start at 2126-06-13T17:35:03Z. Reason: RulesEngine.
Information,07-07-2026 23:04:33,Microsoft-Windows-Security-SPP,16394,Offline downlevel migration succeeded.
Information,07-07-2026 22:13:16,Microsoft-Windows-Security-SPP,16384,Successfully scheduled Software Protection service for re-start at 2126-06-13T16:43:16Z. Reason: RulesEngine.
Information,07-07-2026 22:12:45,Microsoft-Windows-Security-SPP,16394,Offline downlevel migration succeeded.
Information,07-07-2026 22:07:50,SalomanDock.exe,2,The system cannot find the file specified. 
Information,07-07-2026 22:07:50,SalomanDock.exe,2,The system cannot find the file specified. 
Information,07-07-2026 22:00:30,Microsoft-Windows-Security-SPP,16384,Successfully scheduled Software Protection service for re-start at 2126-06-13T16:30:30Z. Reason: RulesEngine.
Information,07-07-2026 22:00:01,DellTechHub,0,PowerEvent handled successfully by the service.
Information,07-07-2026 22:00:01,Dell SupportAssist Remediation,0,PowerEvent handled successfully by the service.
Information,07-07-2026 22:00:00,Microsoft-Windows-Security-SPP,16394,Offline downlevel migration succeeded.
Information,07-07-2026 21:37:25,Microsoft-Windows-Security-SPP,16384,Successfully scheduled Software Protection service for re-start at 2126-06-13T16:07:25Z. Reason: RulesEngine.
Information,07-07-2026 21:36:55,Microsoft-Windows-Security-SPP,16394,Offline downlevel migration succeeded.
Warning,07-07-2026 21:27:08,VBScriptDeprecationAlert,4096,"The description for Event ID 4096 from source VBScriptDeprecationAlert cannot be found. Either the component that raises this event is not installed on your local computer or the installation is corrupted. You can install or repair the component on the local computer.

If the event originated on another computer, the display information had to be saved with the event.

The following information was included with the event: 

VBScript is scheduled for deprecation. Our telemetry indicates that your system is currently utilizing VBScript.
We strongly recommend identifying and migrating away from any VBScript dependencies at the earliest.

The following process has been detected as using VBScript. The associated process tree and call stack are provided below to assist in identifying the scenario in which VBScript was invoked.

ProcessName = ""wmic.exe""
ProcessTree = ""WMIC.exe;Code.exe;Code.exe""
CallStack = ""vbscript.dll+0x68806;vbscript.dll+0x5541F;vbscript.dll+0x4004A;msxml6.dll+0x112476;msxml6.dll+0x10F532;msxml6.dll+0x20DDC;msxml6.dll+0x45F3A;msxml6.dll+0xCB607;msxml6.dll+0xCCE95;msxml6.dll+0xCCD5D;wmic.exe+0x276BD;wmic.exe+0x2173E;wmic.exe+0x25D45;wmic.exe+0x3BCD0;wmic.exe+0x3909F;wmic.exe+0x18F4;KERNEL32.DLL+0x2E957;ntdll.dll+0xAAD6C""
ProcessTreeEnhanced = ""WMIC.exe(""wmic os get locale"");Code.exe(""<path>\Mystery <path>\Microsoft VS <path>\Code.exe"" --type=utility --utility-sub-type=node.mojom.NodeService --lang=en-US --service-sandbox-type=none --dns-result-order=ipv4first --experimental-network-inspection --inspect-port=0 --video-capture-use-gpu-memory-buffer <path>\Mystery <path>\Code"" --standard-schemes=vscode-webview,vscode-file --enable-sandbox --secure-schemes=vscode-webview,vscode-file,vscode-remote-resource,vscode-managed-remote-resource WMIC.exe(""wmic os get locale"")"");Code.exe(""<path>\Mystery <path>\Microsoft VS <path>\Code.exe"""")""

The message resource is present but the message was not found in the message table
"
Information,07-07-2026 21:26:26,VSS,8224,The VSS service is shutting down due to idle timeout. 
Information,07-07-2026 21:18:06,Windows Error Reporting,1001,"Fault bucket 2247644428102348792, type 5
Event Name: WindowsWcpOtherFailure3
Response: Not available
Cab Id: 0

Problem signature:
P1: 10.0.26100.8733:1
P2: wcp\componentstore\scavenge.cpp
P3: ComponentStore::CRawStoreLayout::RetainFileAsVersion
P4: 1834
P5: c015001b
P6: 0xe8d35e54
P7: 
P8: 
P9: 
P10: 

Attached files:
\\?\C:\Windows\Logs\CBS\CBS.log
\\?\C:\Windows\Logs\CBS\CbsPersist_20260707154321.cab
\\?\C:\Windows\Logs\CBS\CbsPersist_20260703174020.cab
\\?\C:\Windows\Logs\CBS\container.etl
\\?\C:\WINDOWS\servicing\Sessions\Sessions.xml
\\?\C:\WINDOWS\WinSxs\poqexec.log
\\?\C:\WINDOWS\Logs\Cbs\FilterList.log
\\?\C:\ProgramData\Microsoft\Windows\WER\Temp\WER.f2a00499-06d3-41c9-9bfb-51fcffd804d6.tmp.WERInternalMetadata.xml
\\?\C:\ProgramData\Microsoft\Windows\WER\ReportQueue\Critical_10.0.26100.8733__d29a81619ce686a8163c747995a61d650ff7f_00000000_cab_01493d3b-b661-439f-a02c-f2be24956cf6\WPR_initiated_DiagTrackMiniLogger_OneTrace_User_Logger_20260706_1_EC_0_inject.etl
\\?\C:\ProgramData\Microsoft\Windows\WER\Temp\WER.acba96d9-8b61-4117-876e-2d461b4a3dc0.tmp.etl
\\?\C:\ProgramData\Microsoft\Windows\WER\ReportQueue\Critical_10.0.26100.8733__d29a81619ce686a8163c747995a61d650ff7f_00000000_cab_01493d3b-b661-439f-a02c-f2be24956cf6\WPR_initiated_DiagTrackMiniLogger_WPR System Collector_inject.etl
\\?\C:\ProgramData\Microsoft\Windows\WER\Temp\WER.d6a19916-4ab1-4fb4-8245-6c6395b3bbed.tmp.etl
\\?\C:\ProgramData\Microsoft\Windows\WER\Temp\WER.64fed99c-957c-4643-988c-c6145a766c60.tmp.csv
\\?\C:\ProgramData\Microsoft\Windows\WER\Temp\WER.e4d95919-26d0-4e60-bb95-c33afb4b7441.tmp.txt
\\?\C:\ProgramData\Microsoft\Windows\WER\Temp\WER.7e28af5c-f81b-4a1b-bf39-8843e26699cc.tmp.xml
\\?\C:\ProgramData\Microsoft\Windows\WER\Temp\WER.79bebaf3-5b62-4e44-9e17-8f18465e41b0.tmp.mdmp
\\?\C:\ProgramData\Microsoft\Windows\WER\ReportQueue\Critical_10.0.26100.8733__d29a81619ce686a8163c747995a61d650ff7f_00000000_cab_01493d3b-b661-439f-a02c-f2be24956cf6\memory.hdmp
\\?\C:\Windows\SystemTemp\WER.33f475c3-90da-4aec-865f-0bf0dab63713.tmp.WERDataCollectionStatus.txt

These files may be available here:
\\?\C:\ProgramData\Microsoft\Windows\WER\ReportArchive\Critical_10.0.26100.8733__d29a81619ce686a8163c747995a61d650ff7f_00000000_01493d3b-b661-439f-a02c-f2be24956cf6

Analysis symbol: 
Rechecking for solution: 0
Report Id: 01493d3b-b661-439f-a02c-f2be24956cf6
Report Status: 268435456
Hashed bucket: cf49af30bc17d084bf313cb2e66d2ff8
Cab Guid: 0"
Information,07-07-2026 21:18:01,Windows Error Reporting,1001,"Fault bucket , type 0
Event Name: WindowsWcpOtherFailure3
Response: Not available
Cab Id: 0

Problem signature:
P1: 10.0.26100.8733:1
P2: wcp\componentstore\scavenge.cpp
P3: ComponentStore::CRawStoreLayout::RetainFileAsVersion
P4: 1834
P5: c015001b
P6: 0xe8d35e54
P7: 
P8: 
P9: 
P10: 

Attached files:
\\?\C:\Windows\Logs\CBS\CBS.log
\\?\C:\Windows\Logs\CBS\CbsPersist_20260707154321.cab
\\?\C:\Windows\Logs\CBS\CbsPersist_20260703174020.cab
\\?\C:\Windows\Logs\CBS\container.etl
\\?\C:\WINDOWS\servicing\Sessions\Sessions.xml
\\?\C:\WINDOWS\WinSxs\poqexec.log
\\?\C:\WINDOWS\Logs\Cbs\FilterList.log

These files may be available here:
NULL

Analysis symbol: 
Rechecking for solution: 0
Report Id: 01493d3b-b661-439f-a02c-f2be24956cf6
Report Status: 262148
Hashed bucket: 
Cab Guid: 0"
Information,07-07-2026 21:18:01,Windows Error Reporting,1001,"Fault bucket , type 0
Event Name: WindowsWcpOtherFailure3
Response: Not available
Cab Id: 0

Problem signature:
P1: 10.0.26100.8733:1
P2: wcp\componentstore\scavenge.cpp
P3: ComponentStore::CRawStoreLayout::RetainFileAsVersion
P4: 1834
P5: c015001b
P6: 0xe8d35e54
P7: 
P8: 
P9: 
P10: 

Attached files:
\\?\C:\Windows\Logs\CBS\CBS.log
\\?\C:\Windows\Logs\CBS\CbsPersist_20260707154321.cab
\\?\C:\Windows\Logs\CBS\CbsPersist_20260703174020.cab
\\?\C:\Windows\Logs\CBS\container.etl
\\?\C:\WINDOWS\servicing\Sessions\Sessions.xml
\\?\C:\WINDOWS\WinSxs\poqexec.log
\\?\C:\WINDOWS\Logs\Cbs\FilterList.log
\\?\C:\ProgramData\Microsoft\Windows\WER\Temp\WER.f2a00499-06d3-41c9-9bfb-51fcffd804d6.tmp.WERInternalMetadata.xml
\\?\C:\ProgramData\Microsoft\Windows\WER\ReportQueue\Critical_10.0.26100.8733__d29a81619ce686a8163c747995a61d650ff7f_00000000_cab_01493d3b-b661-439f-a02c-f2be24956cf6\WPR_initiated_DiagTrackMiniLogger_OneTrace_User_Logger_20260706_1_EC_0_inject.etl
\\?\C:\ProgramData\Microsoft\Windows\WER\Temp\WER.acba96d9-8b61-4117-876e-2d461b4a3dc0.tmp.etl
\\?\C:\ProgramData\Microsoft\Windows\WER\ReportQueue\Critical_10.0.26100.8733__d29a81619ce686a8163c747995a61d650ff7f_00000000_cab_01493d3b-b661-439f-a02c-f2be24956cf6\WPR_initiated_DiagTrackMiniLogger_WPR System Collector_inject.etl
\\?\C:\ProgramData\Microsoft\Windows\WER\Temp\WER.d6a19916-4ab1-4fb4-8245-6c6395b3bbed.tmp.etl
\\?\C:\ProgramData\Microsoft\Windows\WER\Temp\WER.64fed99c-957c-4643-988c-c6145a766c60.tmp.csv
\\?\C:\ProgramData\Microsoft\Windows\WER\Temp\WER.e4d95919-26d0-4e60-bb95-c33afb4b7441.tmp.txt
\\?\C:\ProgramData\Microsoft\Windows\WER\Temp\WER.7e28af5c-f81b-4a1b-bf39-8843e26699cc.tmp.xml
\\?\C:\ProgramData\Microsoft\Windows\WER\Temp\WER.79bebaf3-5b62-4e44-9e17-8f18465e41b0.tmp.mdmp
\\?\C:\ProgramData\Microsoft\Windows\WER\ReportQueue\Critical_10.0.26100.8733__d29a81619ce686a8163c747995a61d650ff7f_00000000_cab_01493d3b-b661-439f-a02c-f2be24956cf6\memory.hdmp
\\?\C:\Windows\SystemTemp\WER.33f475c3-90da-4aec-865f-0bf0dab63713.tmp.WERDataCollectionStatus.txt

These files may be available here:
\\?\C:\ProgramData\Microsoft\Windows\WER\ReportQueue\Critical_10.0.26100.8733__d29a81619ce686a8163c747995a61d650ff7f_00000000_cab_01493d3b-b661-439f-a02c-f2be24956cf6

Analysis symbol: 
Rechecking for solution: 0
Report Id: 01493d3b-b661-439f-a02c-f2be24956cf6
Report Status: 4
Hashed bucket: 
Cab Guid: 0"
Information,07-07-2026 21:15:47,Microsoft-Windows-Security-SPP,16384,Successfully scheduled Software Protection service for re-start at 2126-06-13T15:45:47Z. Reason: RulesEngine.
Information,07-07-2026 21:15:17,Microsoft-Windows-Security-SPP,16394,Offline downlevel migration succeeded.
Information,07-07-2026 21:14:30,Microsoft-Windows-Security-SPP,16384,Successfully scheduled Software Protection service for re-start at 2126-06-13T15:44:30Z. Reason: RulesEngine.
Information,07-07-2026 21:13:59,Microsoft-Windows-Security-SPP,1033,"These policies are being excluded since they are only defined with override-only attribute.
Policy Names=(Security-SPP-Reserved-EnableNotificationMode) 
App Id=55c92734-d682-4d71-983e-d6ec3f16059f
Sku Id=8a292df8-d653-4057-8133-a0701792f912"
Information,07-07-2026 21:13:59,Microsoft-Windows-Security-SPP,1034,Duplicate definition of policy found. Policy name=Security-SPP-WriteWauMarker  Priority=500
Information,07-07-2026 21:13:59,Microsoft-Windows-Security-SPP,1034,Duplicate definition of policy found. Policy name=AAD-AddDeviceJoinUserToAdminGroup-Policy  Priority=100
Information,07-07-2026 21:13:58,Microsoft-Windows-Security-SPP,16394,Offline downlevel migration succeeded.
Information,07-07-2026 21:10:23,DellTechHub,0,PowerEvent handled successfully by the service.
Information,07-07-2026 21:10:23,Dell SupportAssist Remediation,0,PowerEvent handled successfully by the service.
Information,07-07-2026 21:10:20,DellTechHub,0,PowerEvent handled successfully by the service.
Information,07-07-2026 21:10:20,Dell SupportAssist Remediation,0,PowerEvent handled successfully by the service.
Information,07-07-2026 21:07:53,DellTechHub,0,PowerEvent handled successfully by the service.
Information,07-07-2026 21:07:53,Dell SupportAssist Remediation,0,PowerEvent handled successfully by the service.
Information,07-07-2026 21:06:09,Windows Error Reporting,1001,"Fault bucket 1599248754078846234, type 5
Event Name: StoreAgentInstallFailure1
Response: Not available
Cab Id: 0

Problem signature:
P1: Update;MoUpdateOrchestratorUserScan-MoUsoCoreWorker-SearchForAllUpdatesWithUpdateOptionsAsync
P2: 80073d02
P3: 26200
P4: 8737
P5: Windows.Desktop
P6: 0
P7: 
P8: 
P9: 
P10: 

Attached files:
\\?\C:\Windows\Temp\FailureReportMetadata_4979.txt
\\?\C:\ProgramData\Microsoft\Windows\WER\Temp\WER.be090b9d-1027-4849-9cca-96c98f1bf13a.tmp.WERInternalMetadata.xml
\\?\C:\ProgramData\Microsoft\Windows\WER\ReportQueue\NonCritical_Update;MoUpdateO_3c409b9c27f168319569e228c28ec311189d90_00000000_cab_3b392212-2ab3-4e9c-898d-d4cddd4cab3b\WPR_initiated_DiagTrackMiniLogger_OneTrace_User_Logger_20260706_1_EC_0_inject.etl
\\?\C:\ProgramData\Microsoft\Windows\WER\Temp\WER.187d2925-6794-498b-9daa-8418f78ab172.tmp.etl
\\?\C:\ProgramData\Microsoft\Windows\WER\ReportQueue\NonCritical_Update;MoUpdateO_3c409b9c27f168319569e228c28ec311189d90_00000000_cab_3b392212-2ab3-4e9c-898d-d4cddd4cab3b\WPR_initiated_DiagTrackMiniLogger_WPR System Collector_inject.etl
\\?\C:\ProgramData\Microsoft\Windows\WER\Temp\WER.1febc5a6-1c24-487e-94dc-4a6744eed265.tmp.etl
\\?\C:\ProgramData\Microsoft\Windows\WER\Temp\WER.5eedb2ef-c463-485b-9e5c-7c963678432c.tmp.csv
\\?\C:\ProgramData\Microsoft\Windows\WER\Temp\WER.410a19c5-c328-40a7-ab74-95e85bf7182c.tmp.txt
\\?\C:\ProgramData\Microsoft\Windows\WER\Temp\WER.1cdcd61d-cf95-4bbd-8a39-6ad7bbda9f06.tmp.xml

These files may be available here:
\\?\C:\ProgramData\Microsoft\Windows\WER\ReportArchive\NonCritical_Update;MoUpdateO_3c409b9c27f168319569e228c28ec311189d90_00000000_3b392212-2ab3-4e9c-898d-d4cddd4cab3b

Analysis symbol: 
Rechecking for solution: 0
Report Id: 3b392212-2ab3-4e9c-898d-d4cddd4cab3b
Report Status: 268435456
Hashed bucket: a3b2bba5d800b4044631ac44c65b0d1a
Cab Guid: 0"
Information,07-07-2026 21:05:57,Windows Error Reporting,1001,"Fault bucket , type 0
Event Name: StoreAgentInstallFailure1
Response: Not available
Cab Id: 0

Problem signature:
P1: Update;MoUpdateOrchestratorUserScan-MoUsoCoreWorker-SearchForAllUpdatesWithUpdateOptionsAsync
P2: 80073d02
P3: 26200
P4: 8737
P5: Windows.Desktop
P6: 0
P7: 
P8: 
P9: 
P10: 

Attached files:
\\?\C:\Windows\Temp\FailureReportMetadata_4979.txt
\\?\C:\ProgramData\Microsoft\Windows\WER\Temp\WER.be090b9d-1027-4849-9cca-96c98f1bf13a.tmp.WERInternalMetadata.xml
\\?\C:\ProgramData\Microsoft\Windows\WER\ReportQueue\NonCritical_Update;MoUpdateO_3c409b9c27f168319569e228c28ec311189d90_00000000_cab_3b392212-2ab3-4e9c-898d-d4cddd4cab3b\WPR_initiated_DiagTrackMiniLogger_OneTrace_User_Logger_20260706_1_EC_0_inject.etl
\\?\C:\ProgramData\Microsoft\Windows\WER\Temp\WER.187d2925-6794-498b-9daa-8418f78ab172.tmp.etl
\\?\C:\ProgramData\Microsoft\Windows\WER\ReportQueue\NonCritical_Update;MoUpdateO_3c409b9c27f168319569e228c28ec311189d90_00000000_cab_3b392212-2ab3-4e9c-898d-d4cddd4cab3b\WPR_initiated_DiagTrackMiniLogger_WPR System Collector_inject.etl
\\?\C:\ProgramData\Microsoft\Windows\WER\Temp\WER.1febc5a6-1c24-487e-94dc-4a6744eed265.tmp.etl
\\?\C:\ProgramData\Microsoft\Windows\WER\Temp\WER.5eedb2ef-c463-485b-9e5c-7c963678432c.tmp.csv
\\?\C:\ProgramData\Microsoft\Windows\WER\Temp\WER.410a19c5-c328-40a7-ab74-95e85bf7182c.tmp.txt
\\?\C:\ProgramData\Microsoft\Windows\WER\Temp\WER.1cdcd61d-cf95-4bbd-8a39-6ad7bbda9f06.tmp.xml

These files may be available here:
\\?\C:\ProgramData\Microsoft\Windows\WER\ReportQueue\NonCritical_Update;MoUpdateO_3c409b9c27f168319569e228c28ec311189d90_00000000_cab_3b392212-2ab3-4e9c-898d-d4cddd4cab3b

Analysis symbol: 
Rechecking for solution: 0
Report Id: 3b392212-2ab3-4e9c-898d-d4cddd4cab3b
Report Status: 4
Hashed bucket: 
Cab Guid: 0"
Information,07-07-2026 21:05:51,Microsoft-Windows-AppXDeploymentServer/Operational,2562,"The description for Event ID 2562 from source Microsoft-Windows-AppXDeploymentServer/Operational cannot be found. Either the component that raises this event is not installed on your local computer or the installation is corrupted. You can install or repair the component on the local computer.

If the event originated on another computer, the display information had to be saved with the event.

The following information was included with the event: 

MSIXDeployment
windows.applicationData
DeleteMachineFolder
Package Microsoft.GetHelp_10.2409.41392.0_x64__8wekyb3d8bbwe removed machine folder C:\ProgramData\Microsoft\Windows\AppRepository\Families\ApplicationData\Microsoft.GetHelp_8wekyb3d8bbwe: The system cannot find the path specified.

The message resource is present but the message was not found in the message table
"
Information,07-07-2026 21:04:21,SecurityCenter,15,Updated Windows Defender status successfully to SECURITY_PRODUCT_STATE_ON.
Information,07-07-2026 21:04:19,SecurityCenter,15,Updated Windows Defender status successfully to SECURITY_PRODUCT_STATE_ON.
Information,07-07-2026 20:46:19,Microsoft-Windows-Security-SPP,16384,Successfully scheduled Software Protection service for re-start at 2126-06-13T15:16:19Z. Reason: RulesEngine.
Information,07-07-2026 20:45:49,Microsoft-Windows-Security-SPP,16394,Offline downlevel migration succeeded.
Information,07-07-2026 20:37:29,Windows Error Reporting,1001,"Fault bucket 1654034275144897964, type 5
Event Name: RADAR_PRE_LEAK_64
Response: Not available
Cab Id: 0

Problem signature:
P1: Code.exe
P2: 1.127.0.0
P3: 10.0.26200.2.0.0
P4: 
P5: 
P6: 
P7: 
P8: 
P9: 
P10: 

Attached files:
\\?\E:\temp\RDR7CB1.tmp\empty.txt
\\?\C:\ProgramData\Microsoft\Windows\WER\Temp\WER.033b0df4-5356-4acf-b789-95864c4b853a.tmp.WERInternalMetadata.xml
WPR_initiated_DiagTrackMiniLogger_OneTrace_User_Logger_20260706_1_EC_0_inject.etl
\\?\C:\ProgramData\Microsoft\Windows\WER\Temp\WER.3d6574b7-c7e1-4594-b594-e3e9a87140fd.tmp.etl
WPR_initiated_DiagTrackMiniLogger_WPR System Collector_inject.etl
\\?\C:\ProgramData\Microsoft\Windows\WER\Temp\WER.cb92fc56-0a3a-4dce-a153-7291926f5793.tmp.etl
\\?\C:\ProgramData\Microsoft\Windows\WER\Temp\WER.b9862ba6-6aae-44ad-a45e-acd82d1170a1.tmp.csv
\\?\C:\ProgramData\Microsoft\Windows\WER\Temp\WER.d4a9a789-bc8b-472f-bb65-85d7b328ebf3.tmp.txt
\\?\C:\ProgramData\Microsoft\Windows\WER\Temp\WER.58de761f-283e-4791-9815-46b5fe18800a.tmp.xml

These files may be available here:
NULL

Analysis symbol: 
Rechecking for solution: 0
Report Id: 9aa83f7e-30f6-4727-8e3d-65d318ddd523
Report Status: 268435456
Hashed bucket: 03c6f04dc0df144d46f44f68e85515ac
Cab Guid: 0"
Information,07-07-2026 20:22:54,Microsoft-Windows-Security-SPP,16384,Successfully scheduled Software Protection service for re-start at 2126-06-13T14:52:54Z. Reason: RulesEngine.
Information,07-07-2026 20:22:20,Microsoft-Windows-Security-SPP,16394,Offline downlevel migration succeeded.
Information,07-07-2026 20:18:26,Microsoft-Windows-AppXDeploymentServer/Operational,2562,"The description for Event ID 2562 from source Microsoft-Windows-AppXDeploymentServer/Operational cannot be found. Either the component that raises this event is not installed on your local computer or the installation is corrupted. You can install or repair the component on the local computer.

If the event originated on another computer, the display information had to be saved with the event.

The following information was included with the event: 

MSIXDeployment
windows.applicationData
DeleteMachineFolder
Package Microsoft.VisualStudioCode_1.0.124.2_neutral__8wekyb3d8bbwe removed machine folder C:\ProgramData\Microsoft\Windows\AppRepository\Families\ApplicationData\Microsoft.VisualStudioCode_8wekyb3d8bbwe: The system cannot find the path specified.

The message resource is present but the message was not found in the message table
"
Information,07-07-2026 20:18:17,Microsoft-Windows-RestartManager,10001,Ending session 6 started ‎2026‎-‎07‎-‎07T14:48:17.593184900Z.
Information,07-07-2026 20:18:17,Microsoft-Windows-RestartManager,10000,Starting session 6 - ‎2026‎-‎07‎-‎07T14:48:17.593184900Z.
Information,07-07-2026 20:18:15,Microsoft-Windows-RestartManager,10001,Ending session 6 started ‎2026‎-‎07‎-‎07T14:48:15.811745100Z.
Information,07-07-2026 20:18:15,Microsoft-Windows-RestartManager,10000,Starting session 6 - ‎2026‎-‎07‎-‎07T14:48:15.811745100Z.
Information,07-07-2026 20:17:34,Microsoft-Windows-Security-SPP,16384,Successfully scheduled Software Protection service for re-start at 2126-06-13T14:47:34Z. Reason: RulesEngine.
Information,07-07-2026 20:17:04,Microsoft-Windows-Security-SPP,1033,"These policies are being excluded since they are only defined with override-only attribute.
Policy Names=(Security-SPP-Reserved-EnableNotificationMode) 
App Id=55c92734-d682-4d71-983e-d6ec3f16059f
Sku Id=8a292df8-d653-4057-8133-a0701792f912"
Information,07-07-2026 20:17:04,Microsoft-Windows-Security-SPP,1034,Duplicate definition of policy found. Policy name=Security-SPP-WriteWauMarker  Priority=500
Information,07-07-2026 20:17:04,Microsoft-Windows-Security-SPP,1034,Duplicate definition of policy found. Policy name=AAD-AddDeviceJoinUserToAdminGroup-Policy  Priority=100
Information,07-07-2026 20:17:04,Microsoft-Windows-Security-SPP,16394,Offline downlevel migration succeeded.
Information,07-07-2026 20:11:04,MsiInstaller,1042,Ending a Windows Installer transaction: c:\program files\microsoft office\root\integration\c2rint.16.msi. Client Process Id: 11924.
Information,07-07-2026 20:11:04,MsiInstaller,1035,Windows Installer reconfigured the product. Product Name: Office 16 Click-to-Run Extensibility Component. Product Version: 16.0.20131.20112. Product Language: 0. Manufacturer: Microsoft Corporation. Reconfiguration success or error status: 0.
Information,07-07-2026 20:11:04,MsiInstaller,11728,Product: Office 16 Click-to-Run Extensibility Component -- Configuration completed successfully.
Information,07-07-2026 20:11:01,Microsoft-Windows-Search,1003,Search service,The Windows Search Service started.

Information,07-07-2026 20:11:00,MsiInstaller,1040,Beginning a Windows Installer transaction: c:\program files\microsoft office\root\integration\c2rint.16.msi. Client Process Id: 11924.
Information,07-07-2026 20:10:57,Microsoft-Windows-Search,1013,Search service,Windows Search Service stopped normally.

Information,07-07-2026 20:10:56,MsiInstaller,1042,Ending a Windows Installer transaction: c:\program files\microsoft office\root\integration\c2rint.16.msi. Client Process Id: 11924.
Information,07-07-2026 20:10:54,MsiInstaller,1035,Windows Installer reconfigured the product. Product Name: Office 16 Click-to-Run Extensibility Component. Product Version: 16.0.20131.20112. Product Language: 0. Manufacturer: Microsoft Corporation. Reconfiguration success or error status: 0.
Information,07-07-2026 20:10:54,MsiInstaller,11728,Product: Office 16 Click-to-Run Extensibility Component -- Configuration completed successfully.
Information,07-07-2026 20:10:37,MsiInstaller,1040,Beginning a Windows Installer transaction: c:\program files\microsoft office\root\integration\c2rint.16.msi. Client Process Id: 11924.
Information,07-07-2026 20:10:09,Microsoft-Windows-Security-SPP,16384,Successfully scheduled Software Protection service for re-start at 2126-06-13T14:40:09Z. Reason: RulesEngine.
Information,07-07-2026 20:09:58,Microsoft-Windows-Search,1003,Search service,The Windows Search Service started.

Information,07-07-2026 20:09:58,Microsoft-Windows-Search,1013,Search service,Windows Search Service stopped normally.

Information,07-07-2026 20:09:50,Microsoft-Windows-RestartManager,10000,Starting session 6 - ‎2026‎-‎07‎-‎07T14:39:50.928697200Z.
Information,07-07-2026 20:09:39,Microsoft-Windows-Security-SPP,1004,"The Software Protection service has successfully installed the license.
License Title=Office436366DE-5579-4F24-96DB-3893E4400030 PPD License
License Id=24458741-e83d-5f5c-b43a-465eba244525"
Information,07-07-2026 20:09:39,Microsoft-Windows-Security-SPP,1004,"The Software Protection service has successfully installed the license.
License Title=Office 16 UL oob License (Private)
License Id=b0630698-7987-48ad-922b-83fe4992be73"
Information,07-07-2026 20:09:39,Microsoft-Windows-Security-SPP,1004,"The Software Protection service has successfully installed the license.
License Title=Office 16 UL oob License (Public)
License Id=84161302-57f7-40fd-8b32-06b42e2aec91"
Information,07-07-2026 20:09:39,Microsoft-Windows-Security-SPP,1004,"The Software Protection service has successfully installed the license.
License Title=Office112B0ED2-CF1A-42CE-A0C2-4EE20B59D267 PPD License
License Id=4bbf45f4-365b-0e65-6f8c-a06d9e66f052"
Information,07-07-2026 20:09:39,Microsoft-Windows-Security-SPP,1004,"The Software Protection service has successfully installed the license.
License Title=Office 21 UL oob License (Private)
License Id=f10776f4-9026-4824-9b6f-ed6d051267c8"
Information,07-07-2026 20:09:39,Microsoft-Windows-Security-SPP,1004,"The Software Protection service has successfully installed the license.
License Title=Office 21 UL oob License (Public)
License Id=0d131c48-c7b0-44c6-b5d6-67d3d16d30bc"
Information,07-07-2026 20:09:39,Microsoft-Windows-Security-SPP,1004,"The Software Protection service has successfully installed the license.
License Title=Office 21 Publishing License (Private)
License Id=3d32cafb-c20f-4283-b312-2d025536cc00"
Information,07-07-2026 20:09:39,Microsoft-Windows-Security-SPP,1004,"The Software Protection service has successfully installed the license.
License Title=Office 21 Publishing License (Public)
License Id=12d06648-a383-4dc6-bbfc-dc18abe3ff2a"
Information,07-07-2026 20:09:38,Microsoft-Windows-Security-SPP,1004,"The Software Protection service has successfully installed the license.
License Title=Office0CF5C9C4-62D8-42E7-8443-B2715DDAE7BA PPD License
License Id=1f924606-fe78-adae-025a-9e2d313c526b"
Information,07-07-2026 20:09:38,Microsoft-Windows-Security-SPP,1004,"The Software Protection service has successfully installed the license.
License Title=Office 21 UL oob License (Private)
License Id=db1ed652-ece8-4a54-b9e6-3138b80c5588"
Information,07-07-2026 20:09:38,Microsoft-Windows-Security-SPP,1004,"The Software Protection service has successfully installed the license.
License Title=Office 21 UL oob License (Public)
License Id=bb113ecc-aa18-4154-a46d-aed4ae1fc0e9"
Information,07-07-2026 20:09:38,Microsoft-Windows-Security-SPP,1004,"The Software Protection service has successfully installed the license.
License Title=Office 21 Publishing License (Private)
License Id=1cae146f-0983-4e15-b5d6-34d6e7c42b1b"
Information,07-07-2026 20:09:38,Microsoft-Windows-Security-SPP,1004,"The Software Protection service has successfully installed the license.
License Title=Office 21 Publishing License (Public)
License Id=8c734265-0132-400e-a7b4-cd374fee3831"
Information,07-07-2026 20:09:38,Microsoft-Windows-Security-SPP,1004,"The Software Protection service has successfully installed the license.
License Title=Office44F73EE6-D2F7-4502-97D5-046E8820662E PPD License
License Id=9687427f-277d-46a5-12aa-46a2b3fd7a2b"
Information,07-07-2026 20:09:38,Microsoft-Windows-Security-SPP,1004,"The Software Protection service has successfully installed the license.
License Title=Office 21 UL oob License (Private)
License Id=ab10e2dc-4a0e-48a9-ac08-3d286015c493"
Information,07-07-2026 20:09:38,Microsoft-Windows-Security-SPP,1004,"The Software Protection service has successfully installed the license.
License Title=Office 21 UL oob License (Public)
License Id=0347aa9c-df27-4a73-9204-78151e2e1f29"
Information,07-07-2026 20:09:38,Microsoft-Windows-Security-SPP,1004,"The Software Protection service has successfully installed the license.
License Title=Office 21 Publishing License (Private)
License Id=828a3dc3-548a-4ddf-b914-e499021b2564"
Information,07-07-2026 20:09:38,Microsoft-Windows-Security-SPP,1004,"The Software Protection service has successfully installed the license.
License Title=Office 21 Publishing License (Public)
License Id=5b2b2daa-7b11-4807-b0d6-fad96dba2eff"
Information,07-07-2026 20:09:38,Microsoft-Windows-Security-SPP,1004,"The Software Protection service has successfully installed the license.
License Title=Office649FB593-1AEA-4F3D-9EDE-6D756561A2E5 PPD License
License Id=d629fa80-e641-4906-968b-24aa333424bb"
Information,07-07-2026 20:09:38,Microsoft-Windows-Security-SPP,1004,"The Software Protection service has successfully installed the license.
License Title=Office 21 UL oob License (Private)
License Id=28fa29b3-8d28-465f-8148-73b9e7d28816"
Information,07-07-2026 20:09:38,Microsoft-Windows-Security-SPP,1004,"The Software Protection service has successfully installed the license.
License Title=Office 21 UL oob License (Public)
License Id=dfa81fcc-5799-4343-a8fc-5f61fbed3511"
Information,07-07-2026 20:09:38,Microsoft-Windows-Security-SPP,1004,"The Software Protection service has successfully installed the license.
License Title=Office 21 Publishing License (Private)
License Id=594edf7b-d973-4d51-accd-881b4e500a28"
Information,07-07-2026 20:09:38,Microsoft-Windows-Security-SPP,1004,"The Software Protection service has successfully installed the license.
License Title=Office 21 Publishing License (Public)
License Id=8dcbb85c-0120-494d-b37e-d7888d7eb6f4"
Information,07-07-2026 20:09:38,Microsoft-Windows-Security-SPP,1004,"The Software Protection service has successfully installed the license.
License Title=Office2F258377-738F-48DD-9397-287E43079958 PPD License
License Id=d069fb65-37f6-e5a9-bb0f-9d67ba0fe482"
Information,07-07-2026 20:09:38,Microsoft-Windows-Security-SPP,1004,"The Software Protection service has successfully installed the license.
License Title=Office 21 UL oob License (Private)
License Id=08187bce-e626-4975-8eb7-52f1f5ce0881"
Information,07-07-2026 20:09:38,Microsoft-Windows-Security-SPP,1004,"The Software Protection service has successfully installed the license.
License Title=Office 21 UL oob License (Public)
License Id=ee143c21-8694-4018-8413-a67489cbf8ee"
Information,07-07-2026 20:09:38,Microsoft-Windows-Security-SPP,1004,"The Software Protection service has successfully installed the license.
License Title=Office 21 Publishing License (Private)
License Id=671d792f-7115-4faf-8bd8-f98b764d6d4a"
Information,07-07-2026 20:09:38,Microsoft-Windows-Security-SPP,1004,"The Software Protection service has successfully installed the license.
License Title=Office 21 Publishing License (Public)
License Id=6202de3e-4dbd-40c6-bb3a-04e216d3b84f"
Information,07-07-2026 20:09:38,Microsoft-Windows-Security-SPP,1004,"The Software Protection service has successfully installed the license.
License Title=Office9E7D5312-95FC-4443-A551-69C20624EC6B PPD License
License Id=e7ed6d88-5e32-8116-7b31-c2bd6ab383d5"
Information,07-07-2026 20:09:38,Microsoft-Windows-Security-SPP,1004,"The Software Protection service has successfully installed the license.
License Title=Office 21 UL oob License (Private)
License Id=a33d0f4f-22a2-4aa4-a4c4-443d0f9ab91d"
Information,07-07-2026 20:09:38,Microsoft-Windows-Security-SPP,1004,"The Software Protection service has successfully installed the license.
License Title=Office 21 UL oob License (Public)
License Id=b521ef08-70d9-44d3-acc4-23af4ff07d88"
Information,07-07-2026 20:09:38,Microsoft-Windows-Security-SPP,1004,"The Software Protection service has successfully installed the license.
License Title=Office 21 UL phone License (Private)
License Id=0e29481a-71a1-4339-a162-808a03c1acbd"
Information,07-07-2026 20:09:38,Microsoft-Windows-Security-SPP,1004,"The Software Protection service has successfully installed the license.
License Title=Office 21 UL phone License (Public)
License Id=18c4f942-1e3d-47fa-a6ab-11d06384fa33"
Information,07-07-2026 20:09:38,Microsoft-Windows-Security-SPP,1004,"The Software Protection service has successfully installed the license.
License Title=Office 21 Publishing License (Private)
License Id=6a35ca37-6ce3-417f-9a3a-adc1dd573f1e"
Information,07-07-2026 20:09:38,Microsoft-Windows-Security-SPP,1004,"The Software Protection service has successfully installed the license.
License Title=Office 21 Publishing License (Public)
License Id=0012cc65-8230-4721-9dc9-a5453527ad62"
Information,07-07-2026 20:09:37,Microsoft-Windows-Security-SPP,1004,"The Software Protection service has successfully installed the license.
License Title=Office2FC0111C-BF0B-4BDD-900C-E3C713034746 PPD License
License Id=4bdb30ce-db02-c0e7-d5f9-1eda6fa38f34"
Information,07-07-2026 20:09:37,Microsoft-Windows-Security-SPP,1004,"The Software Protection service has successfully installed the license.
License Title=Office 21 UL oob License (Private)
License Id=8ce5f2b5-7be6-4664-9746-f2e301b65a2e"
Information,07-07-2026 20:09:37,Microsoft-Windows-Security-SPP,1004,"The Software Protection service has successfully installed the license.
License Title=Office 21 UL oob License (Public)
License Id=371362d5-c811-4f63-bd6f-cf4a7b9a61fa"
Information,07-07-2026 20:09:37,Microsoft-Windows-Security-SPP,1004,"The Software Protection service has successfully installed the license.
License Title=Office 21 UL phone License (Private)
License Id=d14eaecf-5a19-44f2-9a4c-b81a6b8f7975"
Information,07-07-2026 20:09:37,Microsoft-Windows-Security-SPP,1004,"The Software Protection service has successfully installed the license.
License Title=Office 21 UL phone License (Public)
License Id=0ff4006a-8eca-4d46-8602-b7ca81107c9a"
Information,07-07-2026 20:09:37,Microsoft-Windows-Security-SPP,1004,"The Software Protection service has successfully installed the license.
License Title=Office 21 Publishing License (Private)
License Id=78b36c6f-7587-4c85-a388-51ad72e6636a"
Information,07-07-2026 20:09:37,Microsoft-Windows-Security-SPP,1004,"The Software Protection service has successfully installed the license.
License Title=Office 21 Publishing License (Public)
License Id=ad8d05d2-78a5-4a90-ad4b-a1568e624786"
Information,07-07-2026 20:09:37,Microsoft-Windows-Security-SPP,1004,"The Software Protection service has successfully installed the license.
License Title=OfficeA570C5DF-B1A3-485C-A8CD-B47E90787BA8 PPD License
License Id=8e9db236-d4fe-5b79-7970-404d6c215915"
Information,07-07-2026 20:09:37,Microsoft-Windows-Security-SPP,1004,"The Software Protection service has successfully installed the license.
License Title=Office 21 UL oob License (Private)
License Id=4897d814-8220-4d1f-8233-f80c4e3fa637"
Information,07-07-2026 20:09:37,Microsoft-Windows-Security-SPP,1004,"The Software Protection service has successfully installed the license.
License Title=Office 21 UL oob License (Public)
License Id=bd87d5a8-f9a6-4dfd-b74b-a3c4ca9a5e8d"
Information,07-07-2026 20:09:37,Microsoft-Windows-Security-SPP,1004,"The Software Protection service has successfully installed the license.
License Title=Office1CAC786A-7F16-4EDE-B7FC-CFBCE8FE24C7 PPD License
License Id=78f8bd92-3cec-3ed0-5b57-a7cdab2a1d85"
Information,07-07-2026 20:09:37,Microsoft-Windows-Security-SPP,1004,"The Software Protection service has successfully installed the license.
License Title=Office 21 UL oob License (Private)
License Id=fbea25af-b724-46b7-87fb-89a3fe1d83b3"
Information,07-07-2026 20:09:37,Microsoft-Windows-Security-SPP,1004,"The Software Protection service has successfully installed the license.
License Title=Office 21 UL oob License (Public)
License Id=130e2619-5316-4f15-a2bc-b443217b9c0c"
Information,07-07-2026 20:09:37,Microsoft-Windows-Security-SPP,1004,"The Software Protection service has successfully installed the license.
License Title=client-issuance-bridge-office Issuance License
License Id=4d4a5396-01a7-4ae5-9973-b53bb1af5c30"
Information,07-07-2026 20:09:37,Microsoft-Windows-Security-SPP,1004,"The Software Protection service has successfully installed the license.
License Title=client-issuance-root-bridge-test Issuance License
License Id=7256a55f-e989-4e06-b2c2-c527f49e4527"
Information,07-07-2026 20:09:37,Microsoft-Windows-Security-SPP,1004,"The Software Protection service has successfully installed the license.
License Title=client-issuance-ul-oob Issuance License
License Id=7209e8e3-cce2-49dd-8f6e-2cc8a611f202"
Information,07-07-2026 20:09:37,Microsoft-Windows-Security-SPP,1004,"The Software Protection service has successfully installed the license.
License Title=client-issuance-ul Issuance License
License Id=ce939c0e-53f7-4011-a286-78b6975fa5f0"
Information,07-07-2026 20:09:37,Microsoft-Windows-Security-SPP,1004,"The Software Protection service has successfully installed the license.
License Title=client-issuance-stil Issuance License
License Id=285583cd-fc43-4806-ace6-d247b7edd434"
Information,07-07-2026 20:09:37,Microsoft-Windows-Security-SPP,1004,"The Software Protection service has successfully installed the license.
License Title=client-issuance-root Issuance License
License Id=7cbeb41c-1778-47f2-aa36-51a5a618f716"
Information,07-07-2026 20:09:37,Microsoft-Windows-Security-SPP,1004,"The Software Protection service has successfully installed the license.
License Title=XrML 2.1 License - Product Key Configuration
License Id=dc6454b3-ceba-4e40-b6cc-26afb8fe8fa6"
Information,07-07-2026 20:09:37,Microsoft-Windows-Security-SPP,1004,"The Software Protection service has successfully installed the license.
License Title=XrML 2.1 License - Product Key Configuration
License Id=6040a6e7-445d-4609-b6c4-8a66b709cb54"
Information,07-07-2026 20:09:36,Microsoft-Windows-Security-SPP,16394,Offline downlevel migration succeeded.
Information,07-07-2026 20:09:34,Microsoft-Windows-RestartManager,10005,Machine restart is required.
Information,07-07-2026 20:08:19,Microsoft-Windows-RestartManager,10002,Shutting down application or service 'Microsoft Office SDX Helper'.
Error,07-07-2026 20:08:19,Microsoft-Windows-RestartManager,10006,Application or service 'Microsoft Office SDX Helper' could not be shut down.
Information,07-07-2026 20:08:13,Microsoft-Windows-Security-SPP,16384,Successfully scheduled Software Protection service for re-start at 2126-06-13T14:38:13Z. Reason: RulesEngine.
Information,07-07-2026 20:07:42,DellTechHub,0,PowerEvent handled successfully by the service.
Information,07-07-2026 20:07:42,Dell SupportAssist Remediation,0,PowerEvent handled successfully by the service.
Information,07-07-2026 20:07:40,Microsoft-Windows-RestartManager,10000,Starting session 6 - ‎2026‎-‎07‎-‎07T14:37:40.995124000Z.
Information,07-07-2026 20:07:38,DellTechHub,0,PowerEvent handled successfully by the service.
Information,07-07-2026 20:07:38,Dell SupportAssist Remediation,0,PowerEvent handled successfully by the service.
Information,07-07-2026 20:07:21,Microsoft-Windows-RestartManager,10001,Ending session 0 started ‎2026‎-‎07‎-‎07T11:34:17.559044300Z.
Information,07-07-2026 19:37:54,Microsoft-Windows-Security-SPP,16394,Offline downlevel migration succeeded.
Information,07-07-2026 18:13:10,Microsoft-Windows-Security-SPP,16384,Successfully scheduled Software Protection service for re-start at 2126-06-13T12:42:09Z. Reason: RulesEngine.
Information,07-07-2026 18:12:39,Microsoft-Windows-Security-SPP,16394,Offline downlevel migration succeeded.
Information,07-07-2026 17:52:03,Microsoft-Windows-Security-SPP,16384,Successfully scheduled Software Protection service for re-start at 2126-06-13T12:22:03Z. Reason: RulesEngine.
Information,07-07-2026 17:51:33,Microsoft-Windows-Security-SPP,16394,Offline downlevel migration succeeded.
Information,07-07-2026 17:34:43,Microsoft-Windows-Security-SPP,16384,Successfully scheduled Software Protection service for re-start at 2126-06-13T12:04:43Z. Reason: RulesEngine.
Information,07-07-2026 17:34:13,Microsoft-Windows-Security-SPP,16394,Offline downlevel migration succeeded.
Information,07-07-2026 17:04:17,Microsoft-Windows-RestartManager,10000,Starting session 0 - ‎2026‎-‎07‎-‎07T11:34:17.559044300Z.
Information,07-07-2026 17:04:17,Microsoft-Windows-RestartManager,10001,Ending session 0 started ‎2026‎-‎07‎-‎07T11:30:15.477988600Z.
Information,07-07-2026 17:00:15,Microsoft-Windows-RestartManager,10000,Starting session 0 - ‎2026‎-‎07‎-‎07T11:30:15.477988600Z.
Information,07-07-2026 16:49:37,Microsoft-Windows-Security-SPP,16384,Successfully scheduled Software Protection service for re-start at 2126-06-13T11:19:37Z. Reason: RulesEngine.
Information,07-07-2026 16:49:06,Microsoft-Windows-Security-SPP,16394,Offline downlevel migration succeeded.
Information,07-07-2026 16:38:27,Microsoft-Windows-Security-SPP,16384,Successfully scheduled Software Protection service for re-start at 2126-06-13T11:08:27Z. Reason: RulesEngine.
Information,07-07-2026 16:37:57,Microsoft-Windows-Security-SPP,16394,Offline downlevel migration succeeded.
Information,07-07-2026 16:25:45,Microsoft-Windows-Security-SPP,16384,Successfully scheduled Software Protection service for re-start at 2126-06-13T10:55:45Z. Reason: RulesEngine.
Information,07-07-2026 16:25:14,Microsoft-Windows-Security-SPP,16394,Offline downlevel migration succeeded.
Information,07-07-2026 15:53:58,edgeupdate,0,Service stopped.
Information,07-07-2026 15:53:11,VSS,8224,The VSS service is shutting down due to idle timeout. 
Information,07-07-2026 15:49:57,VSS,8224,The VSS service is shutting down due to idle timeout. 
Information,07-07-2026 15:48:55,Microsoft-Windows-Security-SPP,16384,Successfully scheduled Software Protection service for re-start at 2126-06-13T10:18:55Z. Reason: RulesEngine.
Information,07-07-2026 15:48:31,SecurityCenter,15,Updated Windows Defender status successfully to SECURITY_PRODUCT_STATE_ON.
Information,07-07-2026 15:47:16,Microsoft-Windows-Security-SPP,16394,Offline downlevel migration succeeded.
Information,07-07-2026 15:32:08,Microsoft-Windows-Security-SPP,16384,Successfully scheduled Software Protection service for re-start at 2126-06-13T10:02:08Z. Reason: RulesEngine.
Information,07-07-2026 15:32:06,Chrome,256,Browser Events,[14200:21828:0707/153206.811:INFO:chrome\browser\extensions\extension_garbage_collector.cc:188] Garbage collection for extensions on file thread is complete.
Information,07-07-2026 15:31:38,Microsoft-Windows-Security-SPP,16394,Offline downlevel migration succeeded.
Information,07-07-2026 15:31:01,Microsoft-Windows-Security-SPP,16384,Successfully scheduled Software Protection service for re-start at 2126-06-13T10:01:01Z. Reason: RulesEngine.
Information,07-07-2026 15:30:51,edgeupdate,0,Service stopped.
Information,07-07-2026 15:30:38,IPF,19,ESIF(2.3.20303.5058) TYPE: INFO MODULE: IPF TIME 405263064 ms

    DPTF Build Version:  9.1.10009.1745    DPTF Build Date:  Mar 11 2026 16:58:52    Message:  EPO Modes Status:DC Endurance Gaming(Status: Enabled);DC Better Battery(Status: Disabled);DC Balanced(Status: Enabled);AC Balanced(Status: Enabled);AC Quiet(Status: Disabled);AC Collaboration(Status: Enabled    Policy:  Energy Performance Optimizer Policy [2]        
Information,07-07-2026 15:30:37,DellTechHub,0,PowerEvent handled successfully by the service.
Information,07-07-2026 15:30:37,Dell SupportAssist Remediation,0,PowerEvent handled successfully by the service.
Information,07-07-2026 15:30:36,DellTechHub,0,PowerEvent handled successfully by the service.
Information,07-07-2026 15:30:36,Dell SupportAssist Remediation,0,PowerEvent handled successfully by the service.
Information,07-07-2026 05:24:02,DellTechHub,0,PowerEvent handled successfully by the service.
Information,07-07-2026 05:24:02,Dell SupportAssist Remediation,0,PowerEvent handled successfully by the service.
Information,06-07-2026 18:51:02,Microsoft-Windows-Security-SPP,16394,Offline downlevel migration succeeded.
Information,06-07-2026 17:27:44,Microsoft-Windows-Security-SPP,16384,Successfully scheduled Software Protection service for re-start at 2126-06-12T11:57:44Z. Reason: RulesEngine.
Information,06-07-2026 17:27:10,Microsoft-Windows-Security-SPP,16394,Offline downlevel migration succeeded.
Information,06-07-2026 17:16:22,edgeupdate,0,Service stopped.
Information,06-07-2026 16:59:31,Microsoft-Windows-Security-SPP,16384,Successfully scheduled Software Protection service for re-start at 2126-06-12T11:29:30Z. Reason: RulesEngine.
Information,06-07-2026 16:58:56,Microsoft-Windows-Security-SPP,16394,Offline downlevel migration succeeded.
Information,06-07-2026 16:57:17,Microsoft-Windows-Security-SPP,16384,Successfully scheduled Software Protection service for re-start at 2126-06-12T11:27:17Z. Reason: RulesEngine.
Information,06-07-2026 16:56:42,Microsoft-Windows-Security-SPP,16394,Offline downlevel migration succeeded.
Information,06-07-2026 16:55:30,VSS,8224,The VSS service is shutting down due to idle timeout. 
Information,06-07-2026 16:54:09,edgeupdate,0,Service stopped.
Error,06-07-2026 16:52:28,VSS,8194,"Volume Shadow Copy Service error: Unexpected error querying for the IVssWriterCallback interface.  hr = 0x80070005, Access is denied.
. This is often caused by incorrect security settings in either the writer or requestor process. 

Operation:
   Gathering Writer Data

Context:
   Writer Class Id: {e8132975-6f93-4464-a53e-1050253ae220}
   Writer Name: System Writer
   Writer Instance ID: {cc859194-dee9-49da-928a-dcc55a9cbbd4}"
Information,06-07-2026 16:52:28,SDSSnapshotProcess,278,(6),"The description for Event ID 278 from source SDSSnapshotProcess cannot be found. Either the component that raises this event is not installed on your local computer or the installation is corrupted. You can install or repair the component on the local computer.

If the event originated on another computer, the display information had to be saved with the event.

The following information was included with the event: 


The system cannot find the file specified
"
Information,06-07-2026 16:26:43,Microsoft-Windows-Security-SPP,16384,Successfully scheduled Software Protection service for re-start at 2126-06-12T10:56:43Z. Reason: RulesEngine.
Information,06-07-2026 16:26:09,Microsoft-Windows-Security-SPP,16394,Offline downlevel migration succeeded.
Information,06-07-2026 16:16:27,edgeupdate,0,Service stopped.
Information,06-07-2026 15:58:38,SDSSnapshotProcess,276,(4),"The description for Event ID 276 from source SDSSnapshotProcess cannot be found. Either the component that raises this event is not installed on your local computer or the installation is corrupted. You can install or repair the component on the local computer.

If the event originated on another computer, the display information had to be saved with the event.

The following information was included with the event: 


The system cannot find the file specified
"
Information,06-07-2026 15:58:05,SDSSnapshotProcess,272,(3),"The description for Event ID 272 from source SDSSnapshotProcess cannot be found. Either the component that raises this event is not installed on your local computer or the installation is corrupted. You can install or repair the component on the local computer.

If the event originated on another computer, the display information had to be saved with the event.

The following information was included with the event: 


The system cannot find the file specified
"
Information,06-07-2026 15:31:07,Microsoft-Windows-Security-SPP,16384,Successfully scheduled Software Protection service for re-start at 2126-06-12T10:01:07Z. Reason: RulesEngine.
Information,06-07-2026 15:30:35,Microsoft-Windows-Security-SPP,16394,Offline downlevel migration succeeded.
Information,06-07-2026 15:30:34,Dell SupportAssist Remediation,0,PowerEvent handled successfully by the service.
Information,06-07-2026 15:30:34,DellTechHub,0,PowerEvent handled successfully by the service.
Information,06-07-2026 13:55:48,DellTechHub,0,PowerEvent handled successfully by the service.
Information,06-07-2026 13:55:48,Dell SupportAssist Remediation,0,PowerEvent handled successfully by the service.
Information,06-07-2026 13:23:57,DellTechHub,0,PowerEvent handled successfully by the service.
Information,06-07-2026 13:23:57,Dell SupportAssist Remediation,0,PowerEvent handled successfully by the service.
Information,06-07-2026 13:23:54,DellTechHub,0,PowerEvent handled successfully by the service.
Information,06-07-2026 13:23:54,Dell SupportAssist Remediation,0,PowerEvent handled successfully by the service.
Information,06-07-2026 13:20:20,DellTechHub,0,PowerEvent handled successfully by the service.
Information,06-07-2026 13:20:20,Dell SupportAssist Remediation,0,PowerEvent handled successfully by the service.
Information,06-07-2026 13:16:32,Microsoft-Windows-Security-SPP,16384,Successfully scheduled Software Protection service for re-start at 2126-06-12T07:46:32Z. Reason: RulesEngine.
Information,06-07-2026 13:16:01,Microsoft-Windows-Security-SPP,16394,Offline downlevel migration succeeded.
Information,06-07-2026 12:57:01,Microsoft-Windows-Security-SPP,16384,Successfully scheduled Software Protection service for re-start at 2126-06-12T07:27:01Z. Reason: RulesEngine.
Information,06-07-2026 12:56:26,Microsoft-Windows-Security-SPP,16394,Offline downlevel migration succeeded.
Information,06-07-2026 12:48:01,Microsoft-Windows-Security-SPP,16384,Successfully scheduled Software Protection service for re-start at 2126-06-12T07:18:01Z. Reason: RulesEngine.
Information,06-07-2026 12:47:31,Microsoft-Windows-Security-SPP,16394,Offline downlevel migration succeeded.
Information,06-07-2026 11:59:58,SDSSnapshotProcess,264,(2),"The description for Event ID 264 from source SDSSnapshotProcess cannot be found. Either the component that raises this event is not installed on your local computer or the installation is corrupted. You can install or repair the component on the local computer.

If the event originated on another computer, the display information had to be saved with the event.

The following information was included with the event: 


The system cannot find the file specified
"
Information,06-07-2026 11:59:14,Microsoft-Windows-Security-SPP,16384,Successfully scheduled Software Protection service for re-start at 2126-06-12T06:29:14Z. Reason: RulesEngine.
Information,06-07-2026 11:58:44,Microsoft-Windows-Security-SPP,16394,Offline downlevel migration succeeded.
